10:24:05 **** Build of configuration Debug for project cvic4 ****
make -j4 all 
arm-none-eabi-gcc "../Drivers/STM32F0xx_HAL_Driver/Src/stm32f0xx_hal.c" -mcpu=cortex-m0 -std=gnu11 -g3 -DDEBUG -DUSE_HAL_DRIVER -DSTM32F030x8 -c -I../Core/Inc -I../Drivers/STM32F0xx_HAL_Driver/Inc -I../Drivers/STM32F0xx_HAL_Driver/Inc/Legacy -I../Drivers/CMSIS/Device/ST/STM32F0xx/Include -I../Drivers/CMSIS/Include -O0 -ffunction-sections -fdata-sections -Wall -fstack-usage -fcyclomatic-complexity -MMD -MP -MF"Drivers/STM32F0xx_HAL_Driver/Src/stm32f0xx_hal.d" -MT"Drivers/STM32F0xx_HAL_Driver/Src/stm32f0xx_hal.o" --specs=nano.specs -mfloat-abi=soft -mthumb -o "Drivers/STM32F0xx_HAL_Driver/Src/stm32f0xx_hal.o"
arm-none-eabi-gcc "../Drivers/STM32F0xx_HAL_Driver/Src/stm32f0xx_hal_adc.c" -mcpu=cortex-m0 -std=gnu11 -g3 -DDEBUG -DUSE_HAL_DRIVER -DSTM32F030x8 -c -I../Core/Inc -I../Drivers/STM32F0xx_HAL_Driver/Inc -I../Drivers/STM32F0xx_HAL_Driver/Inc/Legacy -I../Drivers/CMSIS/Device/ST/STM32F0xx/Include -I../Drivers/CMSIS/Include -O0 -ffunction-sections -fdata-sections -Wall -fstack-usage -fcyclomatic-complexity -MMD -MP -MF"Drivers/STM32F0xx_HAL_Driver/Src/stm32f0xx_hal_adc.d" -MT"Drivers/STM32F0xx_HAL_Driver/Src/stm32f0xx_hal_adc.o" --specs=nano.specs -mfloat-abi=soft -mthumb -o "Drivers/STM32F0xx_HAL_Driver/Src/stm32f0xx_hal_adc.o"
arm-none-eabi-gcc "../Drivers/STM32F0xx_HAL_Driver/Src/stm32f0xx_hal_adc_ex.c" -mcpu=cortex-m0 -std=gnu11 -g3 -DDEBUG -DUSE_HAL_DRIVER -DSTM32F030x8 -c -I../Core/Inc -I../Drivers/STM32F0xx_HAL_Driver/Inc -I../Drivers/STM32F0xx_HAL_Driver/Inc/Legacy -I../Drivers/CMSIS/Device/ST/STM32F0xx/Include -I../Drivers/CMSIS/Include -O0 -ffunction-sections -fdata-sections -Wall -fstack-usage -fcyclomatic-complexity -MMD -MP -MF"Drivers/STM32F0xx_HAL_Driver/Src/stm32f0xx_hal_adc_ex.d" -MT"Drivers/STM32F0xx_HAL_Driver/Src/stm32f0xx_hal_adc_ex.o" --specs=nano.specs -mfloat-abi=soft -mthumb -o "Drivers/STM32F0xx_HAL_Driver/Src/stm32f0xx_hal_adc_ex.o"
arm-none-eabi-gcc "../Drivers/STM32F0xx_HAL_Driver/Src/stm32f0xx_hal_cortex.c" -mcpu=cortex-m0 -std=gnu11 -g3 -DDEBUG -DUSE_HAL_DRIVER -DSTM32F030x8 -c -I../Core/Inc -I../Drivers/STM32F0xx_HAL_Driver/Inc -I../Drivers/STM32F0xx_HAL_Driver/Inc/Legacy -I../Drivers/CMSIS/Device/ST/STM32F0xx/Include -I../Drivers/CMSIS/Include -O0 -ffunction-sections -fdata-sections -Wall -fstack-usage -fcyclomatic-complexity -MMD -MP -MF"Drivers/STM32F0xx_HAL_Driver/Src/stm32f0xx_hal_cortex.d" -MT"Drivers/STM32F0xx_HAL_Driver/Src/stm32f0xx_hal_cortex.o" --specs=nano.specs -mfloat-abi=soft -mthumb -o "Drivers/STM32F0xx_HAL_Driver/Src/stm32f0xx_hal_cortex.o"
arm-none-eabi-gcc "../Drivers/STM32F0xx_HAL_Driver/Src/stm32f0xx_hal_dma.c" -mcpu=cortex-m0 -std=gnu11 -g3 -DDEBUG -DUSE_HAL_DRIVER -DSTM32F030x8 -c -I../Core/Inc -I../Drivers/STM32F0xx_HAL_Driver/Inc -I../Drivers/STM32F0xx_HAL_Driver/Inc/Legacy -I../Drivers/CMSIS/Device/ST/STM32F0xx/Include -I../Drivers/CMSIS/Include -O0 -ffunction-sections -fdata-sections -Wall -fstack-usage -fcyclomatic-complexity -MMD -MP -MF"Drivers/STM32F0xx_HAL_Driver/Src/stm32f0xx_hal_dma.d" -MT"Drivers/STM32F0xx_HAL_Driver/Src/stm32f0xx_hal_dma.o" --specs=nano.specs -mfloat-abi=soft -mthumb -o "Drivers/STM32F0xx_HAL_Driver/Src/stm32f0xx_hal_dma.o"
arm-none-eabi-gcc "../Drivers/STM32F0xx_HAL_Driver/Src/stm32f0xx_hal_exti.c" -mcpu=cortex-m0 -std=gnu11 -g3 -DDEBUG -DUSE_HAL_DRIVER -DSTM32F030x8 -c -I../Core/Inc -I../Drivers/STM32F0xx_HAL_Driver/Inc -I../Drivers/STM32F0xx_HAL_Driver/Inc/Legacy -I../Drivers/CMSIS/Device/ST/STM32F0xx/Include -I../Drivers/CMSIS/Include -O0 -ffunction-sections -fdata-sections -Wall -fstack-usage -fcyclomatic-complexity -MMD -MP -MF"Drivers/STM32F0xx_HAL_Driver/Src/stm32f0xx_hal_exti.d" -MT"Drivers/STM32F0xx_HAL_Driver/Src/stm32f0xx_hal_exti.o" --specs=nano.specs -mfloat-abi=soft -mthumb -o "Drivers/STM32F0xx_HAL_Driver/Src/stm32f0xx_hal_exti.o"
arm-none-eabi-gcc "../Drivers/STM32F0xx_HAL_Driver/Src/stm32f0xx_hal_flash.c" -mcpu=cortex-m0 -std=gnu11 -g3 -DDEBUG -DUSE_HAL_DRIVER -DSTM32F030x8 -c -I../Core/Inc -I../Drivers/STM32F0xx_HAL_Driver/Inc -I../Drivers/STM32F0xx_HAL_Driver/Inc/Legacy -I../Drivers/CMSIS/Device/ST/STM32F0xx/Include -I../Drivers/CMSIS/Include -O0 -ffunction-sections -fdata-sections -Wall -fstack-usage -fcyclomatic-complexity -MMD -MP -MF"Drivers/STM32F0xx_HAL_Driver/Src/stm32f0xx_hal_flash.d" -MT"Drivers/STM32F0xx_HAL_Driver/Src/stm32f0xx_hal_flash.o" --specs=nano.specs -mfloat-abi=soft -mthumb -o "Drivers/STM32F0xx_HAL_Driver/Src/stm32f0xx_hal_flash.o"
arm-none-eabi-gcc "../Drivers/STM32F0xx_HAL_Driver/Src/stm32f0xx_hal_flash_ex.c" -mcpu=cortex-m0 -std=gnu11 -g3 -DDEBUG -DUSE_HAL_DRIVER -DSTM32F030x8 -c -I../Core/Inc -I../Drivers/STM32F0xx_HAL_Driver/Inc -I../Drivers/STM32F0xx_HAL_Driver/Inc/Legacy -I../Drivers/CMSIS/Device/ST/STM32F0xx/Include -I../Drivers/CMSIS/Include -O0 -ffunction-sections -fdata-sections -Wall -fstack-usage -fcyclomatic-complexity -MMD -MP -MF"Drivers/STM32F0xx_HAL_Driver/Src/stm32f0xx_hal_flash_ex.d" -MT"Drivers/STM32F0xx_HAL_Driver/Src/stm32f0xx_hal_flash_ex.o" --specs=nano.specs -mfloat-abi=soft -mthumb -o "Drivers/STM32F0xx_HAL_Driver/Src/stm32f0xx_hal_flash_ex.o"
arm-none-eabi-gcc "../Drivers/STM32F0xx_HAL_Driver/Src/stm32f0xx_hal_gpio.c" -mcpu=cortex-m0 -std=gnu11 -g3 -DDEBUG -DUSE_HAL_DRIVER -DSTM32F030x8 -c -I../Core/Inc -I../Drivers/STM32F0xx_HAL_Driver/Inc -I../Drivers/STM32F0xx_HAL_Driver/Inc/Legacy -I../Drivers/CMSIS/Device/ST/STM32F0xx/Include -I../Drivers/CMSIS/Include -O0 -ffunction-sections -fdata-sections -Wall -fstack-usage -fcyclomatic-complexity -MMD -MP -MF"Drivers/STM32F0xx_HAL_Driver/Src/stm32f0xx_hal_gpio.d" -MT"Drivers/STM32F0xx_HAL_Driver/Src/stm32f0xx_hal_gpio.o" --specs=nano.specs -mfloat-abi=soft -mthumb -o "Drivers/STM32F0xx_HAL_Driver/Src/stm32f0xx_hal_gpio.o"
arm-none-eabi-gcc "../Drivers/STM32F0xx_HAL_Driver/Src/stm32f0xx_hal_i2c.c" -mcpu=cortex-m0 -std=gnu11 -g3 -DDEBUG -DUSE_HAL_DRIVER -DSTM32F030x8 -c -I../Core/Inc -I../Drivers/STM32F0xx_HAL_Driver/Inc -I../Drivers/STM32F0xx_HAL_Driver/Inc/Legacy -I../Drivers/CMSIS/Device/ST/STM32F0xx/Include -I../Drivers/CMSIS/Include -O0 -ffunction-sections -fdata-sections -Wall -fstack-usage -fcyclomatic-complexity -MMD -MP -MF"Drivers/STM32F0xx_HAL_Driver/Src/stm32f0xx_hal_i2c.d" -MT"Drivers/STM32F0xx_HAL_Driver/Src/stm32f0xx_hal_i2c.o" --specs=nano.specs -mfloat-abi=soft -mthumb -o "Drivers/STM32F0xx_HAL_Driver/Src/stm32f0xx_hal_i2c.o"
arm-none-eabi-gcc "../Drivers/STM32F0xx_HAL_Driver/Src/stm32f0xx_hal_i2c_ex.c" -mcpu=cortex-m0 -std=gnu11 -g3 -DDEBUG -DUSE_HAL_DRIVER -DSTM32F030x8 -c -I../Core/Inc -I../Drivers/STM32F0xx_HAL_Driver/Inc -I../Drivers/STM32F0xx_HAL_Driver/Inc/Legacy -I../Drivers/CMSIS/Device/ST/STM32F0xx/Include -I../Drivers/CMSIS/Include -O0 -ffunction-sections -fdata-sections -Wall -fstack-usage -fcyclomatic-complexity -MMD -MP -MF"Drivers/STM32F0xx_HAL_Driver/Src/stm32f0xx_hal_i2c_ex.d" -MT"Drivers/STM32F0xx_HAL_Driver/Src/stm32f0xx_hal_i2c_ex.o" --specs=nano.specs -mfloat-abi=soft -mthumb -o "Drivers/STM32F0xx_HAL_Driver/Src/stm32f0xx_hal_i2c_ex.o"
arm-none-eabi-gcc "../Drivers/STM32F0xx_HAL_Driver/Src/stm32f0xx_hal_pwr.c" -mcpu=cortex-m0 -std=gnu11 -g3 -DDEBUG -DUSE_HAL_DRIVER -DSTM32F030x8 -c -I../Core/Inc -I../Drivers/STM32F0xx_HAL_Driver/Inc -I../Drivers/STM32F0xx_HAL_Driver/Inc/Legacy -I../Drivers/CMSIS/Device/ST/STM32F0xx/Include -I../Drivers/CMSIS/Include -O0 -ffunction-sections -fdata-sections -Wall -fstack-usage -fcyclomatic-complexity -MMD -MP -MF"Drivers/STM32F0xx_HAL_Driver/Src/stm32f0xx_hal_pwr.d" -MT"Drivers/STM32F0xx_HAL_Driver/Src/stm32f0xx_hal_pwr.o" --specs=nano.specs -mfloat-abi=soft -mthumb -o "Drivers/STM32F0xx_HAL_Driver/Src/stm32f0xx_hal_pwr.o"
arm-none-eabi-gcc "../Drivers/STM32F0xx_HAL_Driver/Src/stm32f0xx_hal_pwr_ex.c" -mcpu=cortex-m0 -std=gnu11 -g3 -DDEBUG -DUSE_HAL_DRIVER -DSTM32F030x8 -c -I../Core/Inc -I../Drivers/STM32F0xx_HAL_Driver/Inc -I../Drivers/STM32F0xx_HAL_Driver/Inc/Legacy -I../Drivers/CMSIS/Device/ST/STM32F0xx/Include -I../Drivers/CMSIS/Include -O0 -ffunction-sections -fdata-sections -Wall -fstack-usage -fcyclomatic-complexity -MMD -MP -MF"Drivers/STM32F0xx_HAL_Driver/Src/stm32f0xx_hal_pwr_ex.d" -MT"Drivers/STM32F0xx_HAL_Driver/Src/stm32f0xx_hal_pwr_ex.o" --specs=nano.specs -mfloat-abi=soft -mthumb -o "Drivers/STM32F0xx_HAL_Driver/Src/stm32f0xx_hal_pwr_ex.o"
arm-none-eabi-gcc "../Drivers/STM32F0xx_HAL_Driver/Src/stm32f0xx_hal_rcc.c" -mcpu=cortex-m0 -std=gnu11 -g3 -DDEBUG -DUSE_HAL_DRIVER -DSTM32F030x8 -c -I../Core/Inc -I../Drivers/STM32F0xx_HAL_Driver/Inc -I../Drivers/STM32F0xx_HAL_Driver/Inc/Legacy -I../Drivers/CMSIS/Device/ST/STM32F0xx/Include -I../Drivers/CMSIS/Include -O0 -ffunction-sections -fdata-sections -Wall -fstack-usage -fcyclomatic-complexity -MMD -MP -MF"Drivers/STM32F0xx_HAL_Driver/Src/stm32f0xx_hal_rcc.d" -MT"Drivers/STM32F0xx_HAL_Driver/Src/stm32f0xx_hal_rcc.o" --specs=nano.specs -mfloat-abi=soft -mthumb -o "Drivers/STM32F0xx_HAL_Driver/Src/stm32f0xx_hal_rcc.o"
arm-none-eabi-gcc "../Drivers/STM32F0xx_HAL_Driver/Src/stm32f0xx_hal_rcc_ex.c" -mcpu=cortex-m0 -std=gnu11 -g3 -DDEBUG -DUSE_HAL_DRIVER -DSTM32F030x8 -c -I../Core/Inc -I../Drivers/STM32F0xx_HAL_Driver/Inc -I../Drivers/STM32F0xx_HAL_Driver/Inc/Legacy -I../Drivers/CMSIS/Device/ST/STM32F0xx/Include -I../Drivers/CMSIS/Include -O0 -ffunction-sections -fdata-sections -Wall -fstack-usage -fcyclomatic-complexity -MMD -MP -MF"Drivers/STM32F0xx_HAL_Driver/Src/stm32f0xx_hal_rcc_ex.d" -MT"Drivers/STM32F0xx_HAL_Driver/Src/stm32f0xx_hal_rcc_ex.o" --specs=nano.specs -mfloat-abi=soft -mthumb -o "Drivers/STM32F0xx_HAL_Driver/Src/stm32f0xx_hal_rcc_ex.o"
arm-none-eabi-gcc "../Drivers/STM32F0xx_HAL_Driver/Src/stm32f0xx_hal_tim.c" -mcpu=cortex-m0 -std=gnu11 -g3 -DDEBUG -DUSE_HAL_DRIVER -DSTM32F030x8 -c -I../Core/Inc -I../Drivers/STM32F0xx_HAL_Driver/Inc -I../Drivers/STM32F0xx_HAL_Driver/Inc/Legacy -I../Drivers/CMSIS/Device/ST/STM32F0xx/Include -I../Drivers/CMSIS/Include -O0 -ffunction-sections -fdata-sections -Wall -fstack-usage -fcyclomatic-complexity -MMD -MP -MF"Drivers/STM32F0xx_HAL_Driver/Src/stm32f0xx_hal_tim.d" -MT"Drivers/STM32F0xx_HAL_Driver/Src/stm32f0xx_hal_tim.o" --specs=nano.specs -mfloat-abi=soft -mthumb -o "Drivers/STM32F0xx_HAL_Driver/Src/stm32f0xx_hal_tim.o"
arm-none-eabi-gcc "../Drivers/STM32F0xx_HAL_Driver/Src/stm32f0xx_hal_tim_ex.c" -mcpu=cortex-m0 -std=gnu11 -g3 -DDEBUG -DUSE_HAL_DRIVER -DSTM32F030x8 -c -I../Core/Inc -I../Drivers/STM32F0xx_HAL_Driver/Inc -I../Drivers/STM32F0xx_HAL_Driver/Inc/Legacy -I../Drivers/CMSIS/Device/ST/STM32F0xx/Include -I../Drivers/CMSIS/Include -O0 -ffunction-sections -fdata-sections -Wall -fstack-usage -fcyclomatic-complexity -MMD -MP -MF"Drivers/STM32F0xx_HAL_Driver/Src/stm32f0xx_hal_tim_ex.d" -MT"Drivers/STM32F0xx_HAL_Driver/Src/stm32f0xx_hal_tim_ex.o" --specs=nano.specs -mfloat-abi=soft -mthumb -o "Drivers/STM32F0xx_HAL_Driver/Src/stm32f0xx_hal_tim_ex.o"
arm-none-eabi-gcc "../Drivers/STM32F0xx_HAL_Driver/Src/stm32f0xx_hal_uart.c" -mcpu=cortex-m0 -std=gnu11 -g3 -DDEBUG -DUSE_HAL_DRIVER -DSTM32F030x8 -c -I../Core/Inc -I../Drivers/STM32F0xx_HAL_Driver/Inc -I../Drivers/STM32F0xx_HAL_Driver/Inc/Legacy -I../Drivers/CMSIS/Device/ST/STM32F0xx/Include -I../Drivers/CMSIS/Include -O0 -ffunction-sections -fdata-sections -Wall -fstack-usage -fcyclomatic-complexity -MMD -MP -MF"Drivers/STM32F0xx_HAL_Driver/Src/stm32f0xx_hal_uart.d" -MT"Drivers/STM32F0xx_HAL_Driver/Src/stm32f0xx_hal_uart.o" --specs=nano.specs -mfloat-abi=soft -mthumb -o "Drivers/STM32F0xx_HAL_Driver/Src/stm32f0xx_hal_uart.o"
arm-none-eabi-gcc "../Drivers/STM32F0xx_HAL_Driver/Src/stm32f0xx_hal_uart_ex.c" -mcpu=cortex-m0 -std=gnu11 -g3 -DDEBUG -DUSE_HAL_DRIVER -DSTM32F030x8 -c -I../Core/Inc -I../Drivers/STM32F0xx_HAL_Driver/Inc -I../Drivers/STM32F0xx_HAL_Driver/Inc/Legacy -I../Drivers/CMSIS/Device/ST/STM32F0xx/Include -I../Drivers/CMSIS/Include -O0 -ffunction-sections -fdata-sections -Wall -fstack-usage -fcyclomatic-complexity -MMD -MP -MF"Drivers/STM32F0xx_HAL_Driver/Src/stm32f0xx_hal_uart_ex.d" -MT"Drivers/STM32F0xx_HAL_Driver/Src/stm32f0xx_hal_uart_ex.o" --specs=nano.specs -mfloat-abi=soft -mthumb -o "Drivers/STM32F0xx_HAL_Driver/Src/stm32f0xx_hal_uart_ex.o"
arm-none-eabi-gcc -mcpu=cortex-m0 -g3 -DDEBUG -c -x assembler-with-cpp -MMD -MP -MF"Core/Startup/startup_stm32f030r8tx.d" -MT"Core/Startup/startup_stm32f030r8tx.o" --specs=nano.specs -mfloat-abi=soft -mthumb -o "Core/Startup/startup_stm32f030r8tx.o" "../Core/Startup/startup_stm32f030r8tx.s"
arm-none-eabi-gcc "../Core/Src/main.c" -mcpu=cortex-m0 -std=gnu11 -g3 -DDEBUG -DUSE_HAL_DRIVER -DSTM32F030x8 -c -I../Core/Inc -I../Drivers/STM32F0xx_HAL_Driver/Inc -I../Drivers/STM32F0xx_HAL_Driver/Inc/Legacy -I../Drivers/CMSIS/Device/ST/STM32F0xx/Include -I../Drivers/CMSIS/Include -O0 -ffunction-sections -fdata-sections -Wall -fstack-usage -fcyclomatic-complexity -MMD -MP -MF"Core/Src/main.d" -MT"Core/Src/main.o" --specs=nano.specs -mfloat-abi=soft -mthumb -o "Core/Src/main.o"
arm-none-eabi-gcc "../Core/Src/sct.c" -mcpu=cortex-m0 -std=gnu11 -g3 -DDEBUG -DUSE_HAL_DRIVER -DSTM32F030x8 -c -I../Core/Inc -I../Drivers/STM32F0xx_HAL_Driver/Inc -I../Drivers/STM32F0xx_HAL_Driver/Inc/Legacy -I../Drivers/CMSIS/Device/ST/STM32F0xx/Include -I../Drivers/CMSIS/Include -O0 -ffunction-sections -fdata-sections -Wall -fstack-usage -fcyclomatic-complexity -MMD -MP -MF"Core/Src/sct.d" -MT"Core/Src/sct.o" --specs=nano.specs -mfloat-abi=soft -mthumb -o "Core/Src/sct.o"
../Core/Src/main.c: In function 'main':
../Core/Src/main.c:116:29: warning: implicit declaration of function 'pow' [-Wimplicit-function-declaration]
  116 |           raw_pot = raw_pot/pow(2,12)*500;
      |                             ^~~
../Core/Src/main.c:21:1: note: include '<math.h>' or provide a declaration of 'pow'
   20 | #include "main.h"
  +++ |+#include <math.h>
   21 | 
../Core/Src/main.c:116:29: warning: incompatible implicit declaration of built-in function 'pow' [-Wbuiltin-declaration-mismatch]
  116 |           raw_pot = raw_pot/pow(2,12)*500;
      |                             ^~~
../Core/Src/main.c:116:29: note: include '<math.h>' or provide a declaration of 'pow'
../Core/Src/main.c:118:11: warning: implicit declaration of function 'sct_value' [-Wimplicit-function-declaration]
  118 |           sct_value(raw_pot);
      |           ^~~~~~~~~
../Core/Src/main.c:119:11: warning: implicit declaration of function 'delay' [-Wimplicit-function-declaration]
  119 |           delay(50);
      |           ^~~~~
At top level:
../Core/Src/main.c:106:8: warning: 'HAL_ADC_ConvCpltCallback' defined but not used [-Wunused-function]
  106 |   void HAL_ADC_ConvCpltCallback(ADC_HandleTypeDef* hadc)
      |        ^~~~~~~~~~~~~~~~~~~~~~~~
arm-none-eabi-gcc "../Core/Src/stm32f0xx_hal_msp.c" -mcpu=cortex-m0 -std=gnu11 -g3 -DDEBUG -DUSE_HAL_DRIVER -DSTM32F030x8 -c -I../Core/Inc -I../Drivers/STM32F0xx_HAL_Driver/Inc -I../Drivers/STM32F0xx_HAL_Driver/Inc/Legacy -I../Drivers/CMSIS/Device/ST/STM32F0xx/Include -I../Drivers/CMSIS/Include -O0 -ffunction-sections -fdata-sections -Wall -fstack-usage -fcyclomatic-complexity -MMD -MP -MF"Core/Src/stm32f0xx_hal_msp.d" -MT"Core/Src/stm32f0xx_hal_msp.o" --specs=nano.specs -mfloat-abi=soft -mthumb -o "Core/Src/stm32f0xx_hal_msp.o"
arm-none-eabi-gcc "../Core/Src/stm32f0xx_it.c" -mcpu=cortex-m0 -std=gnu11 -g3 -DDEBUG -DUSE_HAL_DRIVER -DSTM32F030x8 -c -I../Core/Inc -I../Drivers/STM32F0xx_HAL_Driver/Inc -I../Drivers/STM32F0xx_HAL_Driver/Inc/Legacy -I../Drivers/CMSIS/Device/ST/STM32F0xx/Include -I../Drivers/CMSIS/Include -O0 -ffunction-sections -fdata-sections -Wall -fstack-usage -fcyclomatic-complexity -MMD -MP -MF"Core/Src/stm32f0xx_it.d" -MT"Core/Src/stm32f0xx_it.o" --specs=nano.specs -mfloat-abi=soft -mthumb -o "Core/Src/stm32f0xx_it.o"
arm-none-eabi-gcc "../Core/Src/syscalls.c" -mcpu=cortex-m0 -std=gnu11 -g3 -DDEBUG -DUSE_HAL_DRIVER -DSTM32F030x8 -c -I../Core/Inc -I../Drivers/STM32F0xx_HAL_Driver/Inc -I../Drivers/STM32F0xx_HAL_Driver/Inc/Legacy -I../Drivers/CMSIS/Device/ST/STM32F0xx/Include -I../Drivers/CMSIS/Include -O0 -ffunction-sections -fdata-sections -Wall -fstack-usage -fcyclomatic-complexity -MMD -MP -MF"Core/Src/syscalls.d" -MT"Core/Src/syscalls.o" --specs=nano.specs -mfloat-abi=soft -mthumb -o "Core/Src/syscalls.o"
arm-none-eabi-gcc "../Core/Src/sysmem.c" -mcpu=cortex-m0 -std=gnu11 -g3 -DDEBUG -DUSE_HAL_DRIVER -DSTM32F030x8 -c -I../Core/Inc -I../Drivers/STM32F0xx_HAL_Driver/Inc -I../Drivers/STM32F0xx_HAL_Driver/Inc/Legacy -I../Drivers/CMSIS/Device/ST/STM32F0xx/Include -I../Drivers/CMSIS/Include -O0 -ffunction-sections -fdata-sections -Wall -fstack-usage -fcyclomatic-complexity -MMD -MP -MF"Core/Src/sysmem.d" -MT"Core/Src/sysmem.o" --specs=nano.specs -mfloat-abi=soft -mthumb -o "Core/Src/sysmem.o"
arm-none-eabi-gcc "../Core/Src/system_stm32f0xx.c" -mcpu=cortex-m0 -std=gnu11 -g3 -DDEBUG -DUSE_HAL_DRIVER -DSTM32F030x8 -c -I../Core/Inc -I../Drivers/STM32F0xx_HAL_Driver/Inc -I../Drivers/STM32F0xx_HAL_Driver/Inc/Legacy -I../Drivers/CMSIS/Device/ST/STM32F0xx/Include -I../Drivers/CMSIS/Include -O0 -ffunction-sections -fdata-sections -Wall -fstack-usage -fcyclomatic-complexity -MMD -MP -MF"Core/Src/system_stm32f0xx.d" -MT"Core/Src/system_stm32f0xx.o" --specs=nano.specs -mfloat-abi=soft -mthumb -o "Core/Src/system_stm32f0xx.o"
arm-none-eabi-gcc -o "cvic4.elf" @"objects.list"   -mcpu=cortex-m0 -T"C:\Temp\xnesva08\MKS\cp04\cvic4\STM32F030R8TX_FLASH.ld" --specs=nosys.specs -Wl,-Map="cvic4.map" -Wl,--gc-sections -static --specs=nano.specs -mfloat-abi=soft -mthumb -Wl,--start-group -lc -lm -Wl,--end-group
C:/appz/ST/STM32CubeIDE_1.10.1/STM32CubeIDE/plugins/com.st.stm32cube.ide.mcu.externaltools.gnu-tools-for-stm32.11.3.rel1.win32_1.1.0.202305231506/tools/bin/../lib/gcc/arm-none-eabi/11.3.1/../../../../arm-none-eabi/bin/ld.exe: ./Core/Src/main.o: in function `main':
C:/Temp/xnesva08/MKS/cp04/cvic4/Debug/../Core/Src/main.c:119: undefined reference to `delay'
collect2.exe: error: ld returned 1 exit status
make: *** [makefile:64: cvic4.elf] Error 1
"make -j4 all" terminated with exit code 2. Build might be incomplete.
10:24:43 **** Incremental Build of configuration Debug for project cvic4 ****
make -j4 all 
arm-none-eabi-gcc "../Core/Src/main.c" -mcpu=cortex-m0 -std=gnu11 -g3 -DDEBUG -DUSE_HAL_DRIVER -DSTM32F030x8 -c -I../Core/Inc -I../Drivers/STM32F0xx_HAL_Driver/Inc -I../Drivers/STM32F0xx_HAL_Driver/Inc/Legacy -I../Drivers/CMSIS/Device/ST/STM32F0xx/Include -I../Drivers/CMSIS/Include -O0 -ffunction-sections -fdata-sections -Wall -fstack-usage -fcyclomatic-complexity -MMD -MP -MF"Core/Src/main.d" -MT"Core/Src/main.o" --specs=nano.specs -mfloat-abi=soft -mthumb -o "Core/Src/main.o"
../Core/Src/main.c: In function 'main':
../Core/Src/main.c:116:31: error: invalid type argument of unary '*' (have 'int')
  116 |           raw_pot = raw_pot/2**12*500;
      |                               ^~~
../Core/Src/main.c:118:11: warning: implicit declaration of function 'sct_value' [-Wimplicit-function-declaration]
  118 |           sct_value(raw_pot);
      |           ^~~~~~~~~
../Core/Src/main.c:119:11: warning: implicit declaration of function 'delay' [-Wimplicit-function-declaration]
  119 |           delay(50);
      |           ^~~~~
At top level:
../Core/Src/main.c:106:8: warning: 'HAL_ADC_ConvCpltCallback' defined but not used [-Wunused-function]
  106 |   void HAL_ADC_ConvCpltCallback(ADC_HandleTypeDef* hadc)
      |        ^~~~~~~~~~~~~~~~~~~~~~~~
make: *** [Core/Src/subdir.mk:37: Core/Src/main.o] Error 1
"make -j4 all" terminated with exit code 2. Build might be incomplete.
10:26:40 **** Incremental Build of configuration Debug for project cvic4 ****
make -j4 all 
arm-none-eabi-gcc "../Core/Src/main.c" -mcpu=cortex-m0 -std=gnu11 -g3 -DDEBUG -DUSE_HAL_DRIVER -DSTM32F030x8 -c -I../Core/Inc -I../Drivers/STM32F0xx_HAL_Driver/Inc -I../Drivers/STM32F0xx_HAL_Driver/Inc/Legacy -I../Drivers/CMSIS/Device/ST/STM32F0xx/Include -I../Drivers/CMSIS/Include -O0 -ffunction-sections -fdata-sections -Wall -fstack-usage -fcyclomatic-complexity -MMD -MP -MF"Core/Src/main.d" -MT"Core/Src/main.o" --specs=nano.specs -mfloat-abi=soft -mthumb -o "Core/Src/main.o"
../Core/Src/main.c: In function 'main':
../Core/Src/main.c:118:11: warning: implicit declaration of function 'sct_value' [-Wimplicit-function-declaration]
  118 |           sct_value(raw_pot);
      |           ^~~~~~~~~
../Core/Src/main.c:119:11: warning: implicit declaration of function 'delay' [-Wimplicit-function-declaration]
  119 |           delay(50);
      |           ^~~~~
At top level:
../Core/Src/main.c:106:8: warning: 'HAL_ADC_ConvCpltCallback' defined but not used [-Wunused-function]
  106 |   void HAL_ADC_ConvCpltCallback(ADC_HandleTypeDef* hadc)
      |        ^~~~~~~~~~~~~~~~~~~~~~~~
arm-none-eabi-gcc -o "cvic4.elf" @"objects.list"   -mcpu=cortex-m0 -T"C:\Temp\xnesva08\MKS\cp04\cvic4\STM32F030R8TX_FLASH.ld" --specs=nosys.specs -Wl,-Map="cvic4.map" -Wl,--gc-sections -static --specs=nano.specs -mfloat-abi=soft -mthumb -Wl,--start-group -lc -lm -Wl,--end-group
C:/appz/ST/STM32CubeIDE_1.10.1/STM32CubeIDE/plugins/com.st.stm32cube.ide.mcu.externaltools.gnu-tools-for-stm32.11.3.rel1.win32_1.1.0.202305231506/tools/bin/../lib/gcc/arm-none-eabi/11.3.1/../../../../arm-none-eabi/bin/ld.exe: ./Core/Src/main.o: in function `main':
C:/Temp/xnesva08/MKS/cp04/cvic4/Debug/../Core/Src/main.c:119: undefined reference to `delay'
collect2.exe: error: ld returned 1 exit status
make: *** [makefile:64: cvic4.elf] Error 1
"make -j4 all" terminated with exit code 2. Build might be incomplete.
10:27:30 **** Incremental Build of configuration Debug for project cvic4 ****
make -j4 all 
arm-none-eabi-gcc "../Core/Src/main.c" -mcpu=cortex-m0 -std=gnu11 -g3 -DDEBUG -DUSE_HAL_DRIVER -DSTM32F030x8 -c -I../Core/Inc -I../Drivers/STM32F0xx_HAL_Driver/Inc -I../Drivers/STM32F0xx_HAL_Driver/Inc/Legacy -I../Drivers/CMSIS/Device/ST/STM32F0xx/Include -I../Drivers/CMSIS/Include -O0 -ffunction-sections -fdata-sections -Wall -fstack-usage -fcyclomatic-complexity -MMD -MP -MF"Core/Src/main.d" -MT"Core/Src/main.o" --specs=nano.specs -mfloat-abi=soft -mthumb -o "Core/Src/main.o"
../Core/Src/main.c: In function 'main':
../Core/Src/main.c:118:11: warning: implicit declaration of function 'sct_value' [-Wimplicit-function-declaration]
  118 |           sct_value(raw_pot);
      |           ^~~~~~~~~
At top level:
../Core/Src/main.c:106:8: warning: 'HAL_ADC_ConvCpltCallback' defined but not used [-Wunused-function]
  106 |   void HAL_ADC_ConvCpltCallback(ADC_HandleTypeDef* hadc)
      |        ^~~~~~~~~~~~~~~~~~~~~~~~
arm-none-eabi-gcc -o "cvic4.elf" @"objects.list"   -mcpu=cortex-m0 -T"C:\Temp\xnesva08\MKS\cp04\cvic4\STM32F030R8TX_FLASH.ld" --specs=nosys.specs -Wl,-Map="cvic4.map" -Wl,--gc-sections -static --specs=nano.specs -mfloat-abi=soft -mthumb -Wl,--start-group -lc -lm -Wl,--end-group
Finished building target: cvic4.elf
 
arm-none-eabi-size   cvic4.elf 
arm-none-eabi-objdump -h -S  cvic4.elf  > "cvic4.list"
   text	   data	    bss	    dec	    hex	filename
  10348	     20	   1772	  12140	   2f6c	cvic4.elf
Finished building: default.size.stdout
 
Finished building: cvic4.list
 
10:28:55 **** Incremental Build of configuration Debug for project cvic4 ****
make -j4 all 
arm-none-eabi-gcc "../Core/Src/main.c" -mcpu=cortex-m0 -std=gnu11 -g3 -DDEBUG -DUSE_HAL_DRIVER -DSTM32F030x8 -c -I../Core/Inc -I../Drivers/STM32F0xx_HAL_Driver/Inc -I../Drivers/STM32F0xx_HAL_Driver/Inc/Legacy -I../Drivers/CMSIS/Device/ST/STM32F0xx/Include -I../Drivers/CMSIS/Include -O0 -ffunction-sections -fdata-sections -Wall -fstack-usage -fcyclomatic-complexity -MMD -MP -MF"Core/Src/main.d" -MT"Core/Src/main.o" --specs=nano.specs -mfloat-abi=soft -mthumb -o "Core/Src/main.o"
../Core/Src/main.c: In function 'main':
../Core/Src/main.c:116:11: warning: implicit declaration of function 'sct_value' [-Wimplicit-function-declaration]
  116 |           sct_value(raw_pot);
      |           ^~~~~~~~~
arm-none-eabi-gcc -o "cvic4.elf" @"objects.list"   -mcpu=cortex-m0 -T"C:\Temp\xnesva08\MKS\cp04\cvic4\STM32F030R8TX_FLASH.ld" --specs=nosys.specs -Wl,-Map="cvic4.map" -Wl,--gc-sections -static --specs=nano.specs -mfloat-abi=soft -mthumb -Wl,--start-group -lc -lm -Wl,--end-group
Finished building target: cvic4.elf
 
arm-none-eabi-size   cvic4.elf 
arm-none-eabi-objdump -h -S  cvic4.elf  > "cvic4.list"
   text	   data	    bss	    dec	    hex	filename
  10384	     20	   1772	  12176	   2f90	cvic4.elf
Finished building: default.size.stdout
 
Finished building: cvic4.list
 
10:29:40 **** Incremental Build of configuration Debug for project cvic4 ****
make -j4 all 
arm-none-eabi-size   cvic4.elf 
   text	   data	    bss	    dec	    hex	filename
  10384	     20	   1772	  12176	   2f90	cvic4.elf
Finished building: default.size.stdout
 
10:31:43 **** Incremental Build of configuration Debug for project cvic4 ****
make -j4 all 
arm-none-eabi-gcc "../Core/Src/main.c" -mcpu=cortex-m0 -std=gnu11 -g3 -DDEBUG -DUSE_HAL_DRIVER -DSTM32F030x8 -c -I../Core/Inc -I../Drivers/STM32F0xx_HAL_Driver/Inc -I../Drivers/STM32F0xx_HAL_Driver/Inc/Legacy -I../Drivers/CMSIS/Device/ST/STM32F0xx/Include -I../Drivers/CMSIS/Include -O0 -ffunction-sections -fdata-sections -Wall -fstack-usage -fcyclomatic-complexity -MMD -MP -MF"Core/Src/main.d" -MT"Core/Src/main.o" --specs=nano.specs -mfloat-abi=soft -mthumb -o "Core/Src/main.o"
arm-none-eabi-gcc -o "cvic4.elf" @"objects.list"   -mcpu=cortex-m0 -T"C:\Temp\xnesva08\MKS\cp04\cvic4\STM32F030R8TX_FLASH.ld" --specs=nosys.specs -Wl,-Map="cvic4.map" -Wl,--gc-sections -static --specs=nano.specs -mfloat-abi=soft -mthumb -Wl,--start-group -lc -lm -Wl,--end-group
Finished building target: cvic4.elf
 
arm-none-eabi-size   cvic4.elf 
arm-none-eabi-objdump -h -S  cvic4.elf  > "cvic4.list"
   text	   data	    bss	    dec	    hex	filename
  10384	     20	   1772	  12176	   2f90	cvic4.elf
Finished building: default.size.stdout
 
Finished building: cvic4.list
 
10:31:47 **** Incremental Build of configuration Debug for project cvic4 ****
make -j4 all 
arm-none-eabi-size   cvic4.elf 
   text	   data	    bss	    dec	    hex	filename
  10384	     20	   1772	  12176	   2f90	cvic4.elf
Finished building: default.size.stdout
 
10:32:41 **** Incremental Build of configuration Debug for project cvic4 ****
make -j4 all 
arm-none-eabi-gcc "../Core/Src/main.c" -mcpu=cortex-m0 -std=gnu11 -g3 -DDEBUG -DUSE_HAL_DRIVER -DSTM32F030x8 -c -I../Core/Inc -I../Drivers/STM32F0xx_HAL_Driver/Inc -I../Drivers/STM32F0xx_HAL_Driver/Inc/Legacy -I../Drivers/CMSIS/Device/ST/STM32F0xx/Include -I../Drivers/CMSIS/Include -O0 -ffunction-sections -fdata-sections -Wall -fstack-usage -fcyclomatic-complexity -MMD -MP -MF"Core/Src/main.d" -MT"Core/Src/main.o" --specs=nano.specs -mfloat-abi=soft -mthumb -o "Core/Src/main.o"
arm-none-eabi-gcc -o "cvic4.elf" @"objects.list"   -mcpu=cortex-m0 -T"C:\Temp\xnesva08\MKS\cp04\cvic4\STM32F030R8TX_FLASH.ld" --specs=nosys.specs -Wl,-Map="cvic4.map" -Wl,--gc-sections -static --specs=nano.specs -mfloat-abi=soft -mthumb -Wl,--start-group -lc -lm -Wl,--end-group
Finished building target: cvic4.elf
 
arm-none-eabi-size   cvic4.elf 
arm-none-eabi-objdump -h -S  cvic4.elf  > "cvic4.list"
   text	   data	    bss	    dec	    hex	filename
  10360	     20	   1772	  12152	   2f78	cvic4.elf
Finished building: default.size.stdout
 
Finished building: cvic4.list
 
10:33:49 **** Incremental Build of configuration Debug for project cvic4 ****
make -j4 all 
arm-none-eabi-gcc "../Core/Src/main.c" -mcpu=cortex-m0 -std=gnu11 -g3 -DDEBUG -DUSE_HAL_DRIVER -DSTM32F030x8 -c -I../Core/Inc -I../Drivers/STM32F0xx_HAL_Driver/Inc -I../Drivers/STM32F0xx_HAL_Driver/Inc/Legacy -I../Drivers/CMSIS/Device/ST/STM32F0xx/Include -I../Drivers/CMSIS/Include -O0 -ffunction-sections -fdata-sections -Wall -fstack-usage -fcyclomatic-complexity -MMD -MP -MF"Core/Src/main.d" -MT"Core/Src/main.o" --specs=nano.specs -mfloat-abi=soft -mthumb -o "Core/Src/main.o"
arm-none-eabi-gcc -o "cvic4.elf" @"objects.list"   -mcpu=cortex-m0 -T"C:\Temp\xnesva08\MKS\cp04\cvic4\STM32F030R8TX_FLASH.ld" --specs=nosys.specs -Wl,-Map="cvic4.map" -Wl,--gc-sections -static --specs=nano.specs -mfloat-abi=soft -mthumb -Wl,--start-group -lc -lm -Wl,--end-group
Finished building target: cvic4.elf
 
arm-none-eabi-size   cvic4.elf 
arm-none-eabi-objdump -h -S  cvic4.elf  > "cvic4.list"
   text	   data	    bss	    dec	    hex	filename
  10400	     20	   1772	  12192	   2fa0	cvic4.elf
Finished building: default.size.stdout
 
Finished building: cvic4.list
 
10:35:32 **** Incremental Build of configuration Debug for project cvic4 ****
make -j4 all 
arm-none-eabi-gcc "../Core/Src/main.c" -mcpu=cortex-m0 -std=gnu11 -g3 -DDEBUG -DUSE_HAL_DRIVER -DSTM32F030x8 -c -I../Core/Inc -I../Drivers/STM32F0xx_HAL_Driver/Inc -I../Drivers/STM32F0xx_HAL_Driver/Inc/Legacy -I../Drivers/CMSIS/Device/ST/STM32F0xx/Include -I../Drivers/CMSIS/Include -O0 -ffunction-sections -fdata-sections -Wall -fstack-usage -fcyclomatic-complexity -MMD -MP -MF"Core/Src/main.d" -MT"Core/Src/main.o" --specs=nano.specs -mfloat-abi=soft -mthumb -o "Core/Src/main.o"
arm-none-eabi-gcc -o "cvic4.elf" @"objects.list"   -mcpu=cortex-m0 -T"C:\Temp\xnesva08\MKS\cp04\cvic4\STM32F030R8TX_FLASH.ld" --specs=nosys.specs -Wl,-Map="cvic4.map" -Wl,--gc-sections -static --specs=nano.specs -mfloat-abi=soft -mthumb -Wl,--start-group -lc -lm -Wl,--end-group
Finished building target: cvic4.elf
 
arm-none-eabi-size   cvic4.elf 
arm-none-eabi-objdump -h -S  cvic4.elf  > "cvic4.list"
   text	   data	    bss	    dec	    hex	filename
  10416	     20	   1772	  12208	   2fb0	cvic4.elf
Finished building: default.size.stdout
 
Finished building: cvic4.list
 
10:42:37 **** Incremental Build of configuration Debug for project cvic4 ****
make -j4 all 
arm-none-eabi-gcc "../Core/Src/main.c" -mcpu=cortex-m0 -std=gnu11 -g3 -DDEBUG -DUSE_HAL_DRIVER -DSTM32F030x8 -c -I../Core/Inc -I../Drivers/STM32F0xx_HAL_Driver/Inc -I../Drivers/STM32F0xx_HAL_Driver/Inc/Legacy -I../Drivers/CMSIS/Device/ST/STM32F0xx/Include -I../Drivers/CMSIS/Include -O0 -ffunction-sections -fdata-sections -Wall -fstack-usage -fcyclomatic-complexity -MMD -MP -MF"Core/Src/main.d" -MT"Core/Src/main.o" --specs=nano.specs -mfloat-abi=soft -mthumb -o "Core/Src/main.o"
arm-none-eabi-gcc -o "cvic4.elf" @"objects.list"   -mcpu=cortex-m0 -T"C:\Temp\xnesva08\MKS\cp04\cvic4\STM32F030R8TX_FLASH.ld" --specs=nosys.specs -Wl,-Map="cvic4.map" -Wl,--gc-sections -static --specs=nano.specs -mfloat-abi=soft -mthumb -Wl,--start-group -lc -lm -Wl,--end-group
Finished building target: cvic4.elf
 
arm-none-eabi-size   cvic4.elf 
arm-none-eabi-objdump -h -S  cvic4.elf  > "cvic4.list"
   text	   data	    bss	    dec	    hex	filename
  16156	     20	   1772	  17948	   461c	cvic4.elf
Finished building: default.size.stdout
 
Finished building: cvic4.list
 
11:00:57 **** Incremental Build of configuration Debug for project cvic4 ****
make -j4 all 
arm-none-eabi-gcc "../Core/Src/main.c" -mcpu=cortex-m0 -std=gnu11 -g3 -DDEBUG -DUSE_HAL_DRIVER -DSTM32F030x8 -c -I../Core/Inc -I../Drivers/STM32F0xx_HAL_Driver/Inc -I../Drivers/STM32F0xx_HAL_Driver/Inc/Legacy -I../Drivers/CMSIS/Device/ST/STM32F0xx/Include -I../Drivers/CMSIS/Include -O0 -ffunction-sections -fdata-sections -Wall -fstack-usage -fcyclomatic-complexity -MMD -MP -MF"Core/Src/main.d" -MT"Core/Src/main.o" --specs=nano.specs -mfloat-abi=soft -mthumb -o "Core/Src/main.o"
arm-none-eabi-gcc "../Core/Src/sct.c" -mcpu=cortex-m0 -std=gnu11 -g3 -DDEBUG -DUSE_HAL_DRIVER -DSTM32F030x8 -c -I../Core/Inc -I../Drivers/STM32F0xx_HAL_Driver/Inc -I../Drivers/STM32F0xx_HAL_Driver/Inc/Legacy -I../Drivers/CMSIS/Device/ST/STM32F0xx/Include -I../Drivers/CMSIS/Include -O0 -ffunction-sections -fdata-sections -Wall -fstack-usage -fcyclomatic-complexity -MMD -MP -MF"Core/Src/sct.d" -MT"Core/Src/sct.o" --specs=nano.specs -mfloat-abi=soft -mthumb -o "Core/Src/sct.o"
../Core/Src/main.c: In function 'main':
../Core/Src/main.c:116:11: error: too many arguments to function 'sct_value'
  116 |           sct_value(raw_pot * (500+1) / 4096, raw_pot * 9 / 4096);
      |           ^~~~~~~~~
In file included from ../Core/Src/main.c:21:
../Core/Inc/sct.h:13:6: note: declared here
   13 | void sct_value(uint16_t value);
      |      ^~~~~~~~~
../Core/Src/sct.c: In function 'sct_value':
../Core/Src/sct.c:99:30: error: 'led' undeclared (first use in this function)
   99 |         reg |= reg_values[3][led];
      |                              ^~~
../Core/Src/sct.c:99:30: note: each undeclared identifier is reported only once for each function it appears in
make: *** [Core/Src/subdir.mk:37: Core/Src/main.o] Error 1
make: *** Waiting for unfinished jobs....
make: *** [Core/Src/subdir.mk:37: Core/Src/sct.o] Error 1
"make -j4 all" terminated with exit code 2. Build might be incomplete.
11:01:29 **** Incremental Build of configuration Debug for project cvic4 ****
make -j4 all 
arm-none-eabi-gcc "../Core/Src/main.c" -mcpu=cortex-m0 -std=gnu11 -g3 -DDEBUG -DUSE_HAL_DRIVER -DSTM32F030x8 -c -I../Core/Inc -I../Drivers/STM32F0xx_HAL_Driver/Inc -I../Drivers/STM32F0xx_HAL_Driver/Inc/Legacy -I../Drivers/CMSIS/Device/ST/STM32F0xx/Include -I../Drivers/CMSIS/Include -O0 -ffunction-sections -fdata-sections -Wall -fstack-usage -fcyclomatic-complexity -MMD -MP -MF"Core/Src/main.d" -MT"Core/Src/main.o" --specs=nano.specs -mfloat-abi=soft -mthumb -o "Core/Src/main.o"
arm-none-eabi-gcc "../Core/Src/sct.c" -mcpu=cortex-m0 -std=gnu11 -g3 -DDEBUG -DUSE_HAL_DRIVER -DSTM32F030x8 -c -I../Core/Inc -I../Drivers/STM32F0xx_HAL_Driver/Inc -I../Drivers/STM32F0xx_HAL_Driver/Inc/Legacy -I../Drivers/CMSIS/Device/ST/STM32F0xx/Include -I../Drivers/CMSIS/Include -O0 -ffunction-sections -fdata-sections -Wall -fstack-usage -fcyclomatic-complexity -MMD -MP -MF"Core/Src/sct.d" -MT"Core/Src/sct.o" --specs=nano.specs -mfloat-abi=soft -mthumb -o "Core/Src/sct.o"
../Core/Src/main.c: In function 'main':
../Core/Src/main.c:116:11: error: too many arguments to function 'sct_value'
  116 |           sct_value(raw_pot * (500+1) / 4096, raw_pot * 9 / 4096);
      |           ^~~~~~~~~
In file included from ../Core/Src/main.c:21:
../Core/Inc/sct.h:13:6: note: declared here
   13 | void sct_value(uint16_t value);
      |      ^~~~~~~~~
make: *** [Core/Src/subdir.mk:37: Core/Src/main.o] Error 1
make: *** Waiting for unfinished jobs....
"make -j4 all" terminated with exit code 2. Build might be incomplete.
11:02:27 **** Incremental Build of configuration Debug for project cvic4 ****
make -j4 all 
arm-none-eabi-gcc "../Core/Src/main.c" -mcpu=cortex-m0 -std=gnu11 -g3 -DDEBUG -DUSE_HAL_DRIVER -DSTM32F030x8 -c -I../Core/Inc -I../Drivers/STM32F0xx_HAL_Driver/Inc -I../Drivers/STM32F0xx_HAL_Driver/Inc/Legacy -I../Drivers/CMSIS/Device/ST/STM32F0xx/Include -I../Drivers/CMSIS/Include -O0 -ffunction-sections -fdata-sections -Wall -fstack-usage -fcyclomatic-complexity -MMD -MP -MF"Core/Src/main.d" -MT"Core/Src/main.o" --specs=nano.specs -mfloat-abi=soft -mthumb -o "Core/Src/main.o"
arm-none-eabi-gcc "../Core/Src/sct.c" -mcpu=cortex-m0 -std=gnu11 -g3 -DDEBUG -DUSE_HAL_DRIVER -DSTM32F030x8 -c -I../Core/Inc -I../Drivers/STM32F0xx_HAL_Driver/Inc -I../Drivers/STM32F0xx_HAL_Driver/Inc/Legacy -I../Drivers/CMSIS/Device/ST/STM32F0xx/Include -I../Drivers/CMSIS/Include -O0 -ffunction-sections -fdata-sections -Wall -fstack-usage -fcyclomatic-complexity -MMD -MP -MF"Core/Src/sct.d" -MT"Core/Src/sct.o" --specs=nano.specs -mfloat-abi=soft -mthumb -o "Core/Src/sct.o"
../Core/Src/main.c: In function 'main':
../Core/Src/main.c:116:11: error: too many arguments to function 'sct_value'
  116 |           sct_value(raw_pot * (500+1) / 4096, raw_pot * 9 / 4096);
      |           ^~~~~~~~~
In file included from ../Core/Src/main.c:21:
../Core/Inc/sct.h:13:6: note: declared here
   13 | void sct_value(uint16_t value);
      |      ^~~~~~~~~
../Core/Src/sct.c:88:6: error: conflicting types for 'sct_value'; have 'void(uint16_t,  uint8_t)' {aka 'void(short unsigned int,  unsigned char)'}
   88 | void sct_value(uint16_t value, uint8_t led)
      |      ^~~~~~~~~
In file included from ../Core/Src/sct.c:9:
../Core/Inc/sct.h:13:6: note: previous declaration of 'sct_value' with type 'void(uint16_t)' {aka 'void(short unsigned int)'}
   13 | void sct_value(uint16_t value);
      |      ^~~~~~~~~
make: *** [Core/Src/subdir.mk:37: Core/Src/main.o] Error 1
make: *** Waiting for unfinished jobs....
make: *** [Core/Src/subdir.mk:37: Core/Src/sct.o] Error 1
"make -j4 all" terminated with exit code 2. Build might be incomplete.
11:04:23 **** Incremental Build of configuration Debug for project cvic4 ****
make -j4 all 
arm-none-eabi-gcc "../Core/Src/main.c" -mcpu=cortex-m0 -std=gnu11 -g3 -DDEBUG -DUSE_HAL_DRIVER -DSTM32F030x8 -c -I../Core/Inc -I../Drivers/STM32F0xx_HAL_Driver/Inc -I../Drivers/STM32F0xx_HAL_Driver/Inc/Legacy -I../Drivers/CMSIS/Device/ST/STM32F0xx/Include -I../Drivers/CMSIS/Include -O0 -ffunction-sections -fdata-sections -Wall -fstack-usage -fcyclomatic-complexity -MMD -MP -MF"Core/Src/main.d" -MT"Core/Src/main.o" --specs=nano.specs -mfloat-abi=soft -mthumb -o "Core/Src/main.o"
arm-none-eabi-gcc "../Core/Src/sct.c" -mcpu=cortex-m0 -std=gnu11 -g3 -DDEBUG -DUSE_HAL_DRIVER -DSTM32F030x8 -c -I../Core/Inc -I../Drivers/STM32F0xx_HAL_Driver/Inc -I../Drivers/STM32F0xx_HAL_Driver/Inc/Legacy -I../Drivers/CMSIS/Device/ST/STM32F0xx/Include -I../Drivers/CMSIS/Include -O0 -ffunction-sections -fdata-sections -Wall -fstack-usage -fcyclomatic-complexity -MMD -MP -MF"Core/Src/sct.d" -MT"Core/Src/sct.o" --specs=nano.specs -mfloat-abi=soft -mthumb -o "Core/Src/sct.o"
arm-none-eabi-gcc -o "cvic4.elf" @"objects.list"   -mcpu=cortex-m0 -T"C:\Temp\xnesva08\MKS\cp04\cvic4\STM32F030R8TX_FLASH.ld" --specs=nosys.specs -Wl,-Map="cvic4.map" -Wl,--gc-sections -static --specs=nano.specs -mfloat-abi=soft -mthumb -Wl,--start-group -lc -lm -Wl,--end-group
Finished building target: cvic4.elf
 
arm-none-eabi-size   cvic4.elf 
arm-none-eabi-objdump -h -S  cvic4.elf  > "cvic4.list"
   text	   data	    bss	    dec	    hex	filename
  10456	     20	   1772	  12248	   2fd8	cvic4.elf
Finished building: default.size.stdout
 
Finished building: cvic4.list
 
11:04:29 **** Incremental Build of configuration Debug for project cvic4 ****
make -j4 all 
arm-none-eabi-size   cvic4.elf 
   text	   data	    bss	    dec	    hex	filename
  10456	     20	   1772	  12248	   2fd8	cvic4.elf
Finished building: default.size.stdout
 
11:05:47 **** Incremental Build of configuration Debug for project cvic4 ****
make -j4 all 
arm-none-eabi-gcc "../Core/Src/main.c" -mcpu=cortex-m0 -std=gnu11 -g3 -DDEBUG -DUSE_HAL_DRIVER -DSTM32F030x8 -c -I../Core/Inc -I../Drivers/STM32F0xx_HAL_Driver/Inc -I../Drivers/STM32F0xx_HAL_Driver/Inc/Legacy -I../Drivers/CMSIS/Device/ST/STM32F0xx/Include -I../Drivers/CMSIS/Include -O0 -ffunction-sections -fdata-sections -Wall -fstack-usage -fcyclomatic-complexity -MMD -MP -MF"Core/Src/main.d" -MT"Core/Src/main.o" --specs=nano.specs -mfloat-abi=soft -mthumb -o "Core/Src/main.o"
arm-none-eabi-gcc -o "cvic4.elf" @"objects.list"   -mcpu=cortex-m0 -T"C:\Temp\xnesva08\MKS\cp04\cvic4\STM32F030R8TX_FLASH.ld" --specs=nosys.specs -Wl,-Map="cvic4.map" -Wl,--gc-sections -static --specs=nano.specs -mfloat-abi=soft -mthumb -Wl,--start-group -lc -lm -Wl,--end-group
Finished building target: cvic4.elf
 
arm-none-eabi-size   cvic4.elf 
arm-none-eabi-objdump -h -S  cvic4.elf  > "cvic4.list"
   text	   data	    bss	    dec	    hex	filename
  10456	     20	   1772	  12248	   2fd8	cvic4.elf
Finished building: default.size.stdout
 
Finished building: cvic4.list
 
11:11:16 **** Incremental Build of configuration Debug for project cvic4 ****
make -j4 all 
arm-none-eabi-gcc "../Core/Src/main.c" -mcpu=cortex-m0 -std=gnu11 -g3 -DDEBUG -DUSE_HAL_DRIVER -DSTM32F030x8 -c -I../Core/Inc -I../Drivers/STM32F0xx_HAL_Driver/Inc -I../Drivers/STM32F0xx_HAL_Driver/Inc/Legacy -I../Drivers/CMSIS/Device/ST/STM32F0xx/Include -I../Drivers/CMSIS/Include -O0 -ffunction-sections -fdata-sections -Wall -fstack-usage -fcyclomatic-complexity -MMD -MP -MF"Core/Src/main.d" -MT"Core/Src/main.o" --specs=nano.specs -mfloat-abi=soft -mthumb -o "Core/Src/main.o"
arm-none-eabi-gcc "../Core/Src/sct.c" -mcpu=cortex-m0 -std=gnu11 -g3 -DDEBUG -DUSE_HAL_DRIVER -DSTM32F030x8 -c -I../Core/Inc -I../Drivers/STM32F0xx_HAL_Driver/Inc -I../Drivers/STM32F0xx_HAL_Driver/Inc/Legacy -I../Drivers/CMSIS/Device/ST/STM32F0xx/Include -I../Drivers/CMSIS/Include -O0 -ffunction-sections -fdata-sections -Wall -fstack-usage -fcyclomatic-complexity -MMD -MP -MF"Core/Src/sct.d" -MT"Core/Src/sct.o" --specs=nano.specs -mfloat-abi=soft -mthumb -o "Core/Src/sct.o"
arm-none-eabi-gcc -o "cvic4.elf" @"objects.list"   -mcpu=cortex-m0 -T"C:\Temp\xnesva08\MKS\cp04\cvic4\STM32F030R8TX_FLASH.ld" --specs=nosys.specs -Wl,-Map="cvic4.map" -Wl,--gc-sections -static --specs=nano.specs -mfloat-abi=soft -mthumb -Wl,--start-group -lc -lm -Wl,--end-group
Finished building target: cvic4.elf
 
arm-none-eabi-size   cvic4.elf 
arm-none-eabi-objdump -h -S  cvic4.elf  > "cvic4.list"
   text	   data	    bss	    dec	    hex	filename
  10456	     20	   1772	  12248	   2fd8	cvic4.elf
Finished building: default.size.stdout
 
Finished building: cvic4.list
 
11:14:51 **** Incremental Build of configuration Debug for project cvic4 ****
make -j4 all 
arm-none-eabi-gcc "../Core/Src/sct.c" -mcpu=cortex-m0 -std=gnu11 -g3 -DDEBUG -DUSE_HAL_DRIVER -DSTM32F030x8 -c -I../Core/Inc -I../Drivers/STM32F0xx_HAL_Driver/Inc -I../Drivers/STM32F0xx_HAL_Driver/Inc/Legacy -I../Drivers/CMSIS/Device/ST/STM32F0xx/Include -I../Drivers/CMSIS/Include -O0 -ffunction-sections -fdata-sections -Wall -fstack-usage -fcyclomatic-complexity -MMD -MP -MF"Core/Src/sct.d" -MT"Core/Src/sct.o" --specs=nano.specs -mfloat-abi=soft -mthumb -o "Core/Src/sct.o"
arm-none-eabi-gcc -o "cvic4.elf" @"objects.list"   -mcpu=cortex-m0 -T"C:\Temp\xnesva08\MKS\cp04\cvic4\STM32F030R8TX_FLASH.ld" --specs=nosys.specs -Wl,-Map="cvic4.map" -Wl,--gc-sections -static --specs=nano.specs -mfloat-abi=soft -mthumb -Wl,--start-group -lc -lm -Wl,--end-group
Finished building target: cvic4.elf
 
arm-none-eabi-size   cvic4.elf 
arm-none-eabi-objdump -h -S  cvic4.elf  > "cvic4.list"
   text	   data	    bss	    dec	    hex	filename
  10456	     20	   1772	  12248	   2fd8	cvic4.elf
Finished building: default.size.stdout
 
Finished building: cvic4.list
 
11:22:31 **** Incremental Build of configuration Debug for project cvic4 ****
make -j4 all 
arm-none-eabi-gcc "../Core/Src/main.c" -mcpu=cortex-m0 -std=gnu11 -g3 -DDEBUG -DUSE_HAL_DRIVER -DSTM32F030x8 -c -I../Core/Inc -I../Drivers/STM32F0xx_HAL_Driver/Inc -I../Drivers/STM32F0xx_HAL_Driver/Inc/Legacy -I../Drivers/CMSIS/Device/ST/STM32F0xx/Include -I../Drivers/CMSIS/Include -O0 -ffunction-sections -fdata-sections -Wall -fstack-usage -fcyclomatic-complexity -MMD -MP -MF"Core/Src/main.d" -MT"Core/Src/main.o" --specs=nano.specs -mfloat-abi=soft -mthumb -o "Core/Src/main.o"
../Core/Src/main.c: In function 'HAL_ADC_ConvCpltCallback':
../Core/Src/main.c:63:30: error: 'ADC_Q' undeclared (first use in this function)
   63 |         raw_pot = avg_pot >> ADC_Q;
      |                              ^~~~~
../Core/Src/main.c:63:30: note: each undeclared identifier is reported only once for each function it appears in
make: *** [Core/Src/subdir.mk:37: Core/Src/main.o] Error 1
"make -j4 all" terminated with exit code 2. Build might be incomplete.
11:22:56 **** Incremental Build of configuration Debug for project cvic4 ****
make -j4 all 
arm-none-eabi-gcc "../Core/Src/main.c" -mcpu=cortex-m0 -std=gnu11 -g3 -DDEBUG -DUSE_HAL_DRIVER -DSTM32F030x8 -c -I../Core/Inc -I../Drivers/STM32F0xx_HAL_Driver/Inc -I../Drivers/STM32F0xx_HAL_Driver/Inc/Legacy -I../Drivers/CMSIS/Device/ST/STM32F0xx/Include -I../Drivers/CMSIS/Include -O0 -ffunction-sections -fdata-sections -Wall -fstack-usage -fcyclomatic-complexity -MMD -MP -MF"Core/Src/main.d" -MT"Core/Src/main.o" --specs=nano.specs -mfloat-abi=soft -mthumb -o "Core/Src/main.o"
../Core/Src/main.c: In function 'HAL_ADC_ConvCpltCallback':
../Core/Src/main.c:64:30: error: 'ADC_Q' undeclared (first use in this function)
   64 |         raw_pot = avg_pot >> ADC_Q;
      |                              ^~~~~
../Core/Src/main.c:64:30: note: each undeclared identifier is reported only once for each function it appears in
make: *** [Core/Src/subdir.mk:37: Core/Src/main.o] Error 1
"make -j4 all" terminated with exit code 2. Build might be incomplete.
11:23:38 **** Incremental Build of configuration Debug for project cvic4 ****
make -j4 all 
arm-none-eabi-gcc "../Core/Src/main.c" -mcpu=cortex-m0 -std=gnu11 -g3 -DDEBUG -DUSE_HAL_DRIVER -DSTM32F030x8 -c -I../Core/Inc -I../Drivers/STM32F0xx_HAL_Driver/Inc -I../Drivers/STM32F0xx_HAL_Driver/Inc/Legacy -I../Drivers/CMSIS/Device/ST/STM32F0xx/Include -I../Drivers/CMSIS/Include -O0 -ffunction-sections -fdata-sections -Wall -fstack-usage -fcyclomatic-complexity -MMD -MP -MF"Core/Src/main.d" -MT"Core/Src/main.o" --specs=nano.specs -mfloat-abi=soft -mthumb -o "Core/Src/main.o"
../Core/Src/main.c: In function 'HAL_ADC_ConvCpltCallback':
../Core/Src/main.c:64:27: warning: right shift count >= width of type [-Wshift-count-overflow]
   64 |         raw_pot = avg_pot >> 4096;
      |                           ^~
arm-none-eabi-gcc -o "cvic4.elf" @"objects.list"   -mcpu=cortex-m0 -T"C:\Temp\xnesva08\MKS\cp04\cvic4\STM32F030R8TX_FLASH.ld" --specs=nosys.specs -Wl,-Map="cvic4.map" -Wl,--gc-sections -static --specs=nano.specs -mfloat-abi=soft -mthumb -Wl,--start-group -lc -lm -Wl,--end-group
Finished building target: cvic4.elf
 
arm-none-eabi-size   cvic4.elf 
arm-none-eabi-objdump -h -S  cvic4.elf  > "cvic4.list"
   text	   data	    bss	    dec	    hex	filename
  10492	     20	   1772	  12284	   2ffc	cvic4.elf
Finished building: default.size.stdout
 
Finished building: cvic4.list
 
11:23:53 **** Incremental Build of configuration Debug for project cvic4 ****
make -j4 all 
arm-none-eabi-size   cvic4.elf 
   text	   data	    bss	    dec	    hex	filename
  10492	     20	   1772	  12284	   2ffc	cvic4.elf
Finished building: default.size.stdout
 
11:24:49 **** Incremental Build of configuration Debug for project cvic4 ****
make -j4 all 
arm-none-eabi-gcc "../Core/Src/main.c" -mcpu=cortex-m0 -std=gnu11 -g3 -DDEBUG -DUSE_HAL_DRIVER -DSTM32F030x8 -c -I../Core/Inc -I../Drivers/STM32F0xx_HAL_Driver/Inc -I../Drivers/STM32F0xx_HAL_Driver/Inc/Legacy -I../Drivers/CMSIS/Device/ST/STM32F0xx/Include -I../Drivers/CMSIS/Include -O0 -ffunction-sections -fdata-sections -Wall -fstack-usage -fcyclomatic-complexity -MMD -MP -MF"Core/Src/main.d" -MT"Core/Src/main.o" --specs=nano.specs -mfloat-abi=soft -mthumb -o "Core/Src/main.o"
arm-none-eabi-gcc -o "cvic4.elf" @"objects.list"   -mcpu=cortex-m0 -T"C:\Temp\xnesva08\MKS\cp04\cvic4\STM32F030R8TX_FLASH.ld" --specs=nosys.specs -Wl,-Map="cvic4.map" -Wl,--gc-sections -static --specs=nano.specs -mfloat-abi=soft -mthumb -Wl,--start-group -lc -lm -Wl,--end-group
Finished building target: cvic4.elf
 
arm-none-eabi-size   cvic4.elf 
arm-none-eabi-objdump -h -S  cvic4.elf  > "cvic4.list"
   text	   data	    bss	    dec	    hex	filename
  10488	     20	   1772	  12280	   2ff8	cvic4.elf
Finished building: default.size.stdout
 
Finished building: cvic4.list
 
11:24:52 **** Incremental Build of configuration Debug for project cvic4 ****
make -j4 all 
arm-none-eabi-size   cvic4.elf 
   text	   data	    bss	    dec	    hex	filename
  10488	     20	   1772	  12280	   2ff8	cvic4.elf
Finished building: default.size.stdout
 
11:27:35 **** Incremental Build of configuration Debug for project cvic4 ****
make -j4 all 
arm-none-eabi-gcc "../Core/Src/main.c" -mcpu=cortex-m0 -std=gnu11 -g3 -DDEBUG -DUSE_HAL_DRIVER -DSTM32F030x8 -c -I../Core/Inc -I../Drivers/STM32F0xx_HAL_Driver/Inc -I../Drivers/STM32F0xx_HAL_Driver/Inc/Legacy -I../Drivers/CMSIS/Device/ST/STM32F0xx/Include -I../Drivers/CMSIS/Include -O0 -ffunction-sections -fdata-sections -Wall -fstack-usage -fcyclomatic-complexity -MMD -MP -MF"Core/Src/main.d" -MT"Core/Src/main.o" --specs=nano.specs -mfloat-abi=soft -mthumb -o "Core/Src/main.o"
arm-none-eabi-gcc -o "cvic4.elf" @"objects.list"   -mcpu=cortex-m0 -T"C:\Temp\xnesva08\MKS\cp04\cvic4\STM32F030R8TX_FLASH.ld" --specs=nosys.specs -Wl,-Map="cvic4.map" -Wl,--gc-sections -static --specs=nano.specs -mfloat-abi=soft -mthumb -Wl,--start-group -lc -lm -Wl,--end-group
Finished building target: cvic4.elf
 
arm-none-eabi-size   cvic4.elf 
arm-none-eabi-objdump -h -S  cvic4.elf  > "cvic4.list"
   text	   data	    bss	    dec	    hex	filename
  10504	     20	   1772	  12296	   3008	cvic4.elf
Finished building: default.size.stdout
 
Finished building: cvic4.list
 
11:27:58 **** Incremental Build of configuration Debug for project cvic4 ****
make -j4 all 
arm-none-eabi-gcc "../Core/Src/main.c" -mcpu=cortex-m0 -std=gnu11 -g3 -DDEBUG -DUSE_HAL_DRIVER -DSTM32F030x8 -c -I../Core/Inc -I../Drivers/STM32F0xx_HAL_Driver/Inc -I../Drivers/STM32F0xx_HAL_Driver/Inc/Legacy -I../Drivers/CMSIS/Device/ST/STM32F0xx/Include -I../Drivers/CMSIS/Include -O0 -ffunction-sections -fdata-sections -Wall -fstack-usage -fcyclomatic-complexity -MMD -MP -MF"Core/Src/main.d" -MT"Core/Src/main.o" --specs=nano.specs -mfloat-abi=soft -mthumb -o "Core/Src/main.o"
arm-none-eabi-gcc -o "cvic4.elf" @"objects.list"   -mcpu=cortex-m0 -T"C:\Temp\xnesva08\MKS\cp04\cvic4\STM32F030R8TX_FLASH.ld" --specs=nosys.specs -Wl,-Map="cvic4.map" -Wl,--gc-sections -static --specs=nano.specs -mfloat-abi=soft -mthumb -Wl,--start-group -lc -lm -Wl,--end-group
Finished building target: cvic4.elf
 
arm-none-eabi-size   cvic4.elf 
arm-none-eabi-objdump -h -S  cvic4.elf  > "cvic4.list"
   text	   data	    bss	    dec	    hex	filename
  10488	     20	   1772	  12280	   2ff8	cvic4.elf
Finished building: default.size.stdout
 
Finished building: cvic4.list
 
11:35:05 **** Incremental Build of configuration Debug for project cvic4 ****
make -j4 all 
arm-none-eabi-gcc "../Core/Src/main.c" -mcpu=cortex-m0 -std=gnu11 -g3 -DDEBUG -DUSE_HAL_DRIVER -DSTM32F030x8 -c -I../Core/Inc -I../Drivers/STM32F0xx_HAL_Driver/Inc -I../Drivers/STM32F0xx_HAL_Driver/Inc/Legacy -I../Drivers/CMSIS/Device/ST/STM32F0xx/Include -I../Drivers/CMSIS/Include -O0 -ffunction-sections -fdata-sections -Wall -fstack-usage -fcyclomatic-complexity -MMD -MP -MF"Core/Src/main.d" -MT"Core/Src/main.o" --specs=nano.specs -mfloat-abi=soft -mthumb -o "Core/Src/main.o"
arm-none-eabi-gcc "../Core/Src/sct.c" -mcpu=cortex-m0 -std=gnu11 -g3 -DDEBUG -DUSE_HAL_DRIVER -DSTM32F030x8 -c -I../Core/Inc -I../Drivers/STM32F0xx_HAL_Driver/Inc -I../Drivers/STM32F0xx_HAL_Driver/Inc/Legacy -I../Drivers/CMSIS/Device/ST/STM32F0xx/Include -I../Drivers/CMSIS/Include -O0 -ffunction-sections -fdata-sections -Wall -fstack-usage -fcyclomatic-complexity -MMD -MP -MF"Core/Src/sct.d" -MT"Core/Src/sct.o" --specs=nano.specs -mfloat-abi=soft -mthumb -o "Core/Src/sct.o"
arm-none-eabi-gcc "../Core/Src/stm32f0xx_hal_msp.c" -mcpu=cortex-m0 -std=gnu11 -g3 -DDEBUG -DUSE_HAL_DRIVER -DSTM32F030x8 -c -I../Core/Inc -I../Drivers/STM32F0xx_HAL_Driver/Inc -I../Drivers/STM32F0xx_HAL_Driver/Inc/Legacy -I../Drivers/CMSIS/Device/ST/STM32F0xx/Include -I../Drivers/CMSIS/Include -O0 -ffunction-sections -fdata-sections -Wall -fstack-usage -fcyclomatic-complexity -MMD -MP -MF"Core/Src/stm32f0xx_hal_msp.d" -MT"Core/Src/stm32f0xx_hal_msp.o" --specs=nano.specs -mfloat-abi=soft -mthumb -o "Core/Src/stm32f0xx_hal_msp.o"
arm-none-eabi-gcc "../Core/Src/stm32f0xx_it.c" -mcpu=cortex-m0 -std=gnu11 -g3 -DDEBUG -DUSE_HAL_DRIVER -DSTM32F030x8 -c -I../Core/Inc -I../Drivers/STM32F0xx_HAL_Driver/Inc -I../Drivers/STM32F0xx_HAL_Driver/Inc/Legacy -I../Drivers/CMSIS/Device/ST/STM32F0xx/Include -I../Drivers/CMSIS/Include -O0 -ffunction-sections -fdata-sections -Wall -fstack-usage -fcyclomatic-complexity -MMD -MP -MF"Core/Src/stm32f0xx_it.d" -MT"Core/Src/stm32f0xx_it.o" --specs=nano.specs -mfloat-abi=soft -mthumb -o "Core/Src/stm32f0xx_it.o"
../Core/Src/main.c: In function 'main':
../Core/Src/main.c:117:11: warning: implicit declaration of function 'sct_value' [-Wimplicit-function-declaration]
  117 |           sct_value((raw_pot * (500+1)) / 4096, (raw_pot * 9) / 4096);
      |           ^~~~~~~~~
arm-none-eabi-gcc -o "cvic4.elf" @"objects.list"   -mcpu=cortex-m0 -T"C:\Temp\xnesva08\MKS\cp04\cvic4\STM32F030R8TX_FLASH.ld" --specs=nosys.specs -Wl,-Map="cvic4.map" -Wl,--gc-sections -static --specs=nano.specs -mfloat-abi=soft -mthumb -Wl,--start-group -lc -lm -Wl,--end-group
Finished building target: cvic4.elf
 
arm-none-eabi-size   cvic4.elf 
arm-none-eabi-objdump -h -S  cvic4.elf  > "cvic4.list"
   text	   data	    bss	    dec	    hex	filename
  10564	     20	   1772	  12356	   3044	cvic4.elf
Finished building: default.size.stdout
 
Finished building: cvic4.list
 
11:35:32 **** Incremental Build of configuration Debug for project cvic4 ****
make -j4 all 
arm-none-eabi-gcc "../Core/Src/main.c" -mcpu=cortex-m0 -std=gnu11 -g3 -DDEBUG -DUSE_HAL_DRIVER -DSTM32F030x8 -c -I../Core/Inc -I../Drivers/STM32F0xx_HAL_Driver/Inc -I../Drivers/STM32F0xx_HAL_Driver/Inc/Legacy -I../Drivers/CMSIS/Device/ST/STM32F0xx/Include -I../Drivers/CMSIS/Include -O0 -ffunction-sections -fdata-sections -Wall -fstack-usage -fcyclomatic-complexity -MMD -MP -MF"Core/Src/main.d" -MT"Core/Src/main.o" --specs=nano.specs -mfloat-abi=soft -mthumb -o "Core/Src/main.o"
../Core/Src/main.c: In function 'main':
../Core/Src/main.c:117:11: warning: implicit declaration of function 'sct_value' [-Wimplicit-function-declaration]
  117 |           sct_value((raw_pot * (500+1)) / 4096, (raw_pot * 9) / 4096);
      |           ^~~~~~~~~
arm-none-eabi-gcc -o "cvic4.elf" @"objects.list"   -mcpu=cortex-m0 -T"C:\Temp\xnesva08\MKS\cp04\cvic4\STM32F030R8TX_FLASH.ld" --specs=nosys.specs -Wl,-Map="cvic4.map" -Wl,--gc-sections -static --specs=nano.specs -mfloat-abi=soft -mthumb -Wl,--start-group -lc -lm -Wl,--end-group
Finished building target: cvic4.elf
 
arm-none-eabi-size   cvic4.elf 
arm-none-eabi-objdump -h -S  cvic4.elf  > "cvic4.list"
   text	   data	    bss	    dec	    hex	filename
  10564	     20	   1772	  12356	   3044	cvic4.elf
Finished building: default.size.stdout
 
Finished building: cvic4.list
 
11:35:58 **** Incremental Build of configuration Debug for project cvic4 ****
make -j4 all 
arm-none-eabi-gcc "../Core/Src/main.c" -mcpu=cortex-m0 -std=gnu11 -g3 -DDEBUG -DUSE_HAL_DRIVER -DSTM32F030x8 -c -I../Core/Inc -I../Drivers/STM32F0xx_HAL_Driver/Inc -I../Drivers/STM32F0xx_HAL_Driver/Inc/Legacy -I../Drivers/CMSIS/Device/ST/STM32F0xx/Include -I../Drivers/CMSIS/Include -O0 -ffunction-sections -fdata-sections -Wall -fstack-usage -fcyclomatic-complexity -MMD -MP -MF"Core/Src/main.d" -MT"Core/Src/main.o" --specs=nano.specs -mfloat-abi=soft -mthumb -o "Core/Src/main.o"
../Core/Src/main.c: In function 'main':
../Core/Src/main.c:117:11: warning: implicit declaration of function 'sct_value' [-Wimplicit-function-declaration]
  117 |           sct_value((raw_pot * (500+1)) / 4096, (raw_pot * 9) / 4096);
      |           ^~~~~~~~~
arm-none-eabi-gcc -o "cvic4.elf" @"objects.list"   -mcpu=cortex-m0 -T"C:\Temp\xnesva08\MKS\cp04\cvic4\STM32F030R8TX_FLASH.ld" --specs=nosys.specs -Wl,-Map="cvic4.map" -Wl,--gc-sections -static --specs=nano.specs -mfloat-abi=soft -mthumb -Wl,--start-group -lc -lm -Wl,--end-group
Finished building target: cvic4.elf
 
arm-none-eabi-size   cvic4.elf 
arm-none-eabi-objdump -h -S  cvic4.elf  > "cvic4.list"
   text	   data	    bss	    dec	    hex	filename
  10564	     20	   1772	  12356	   3044	cvic4.elf
Finished building: default.size.stdout
 
Finished building: cvic4.list
 
11:36:39 **** Incremental Build of configuration Debug for project cvic4 ****
make -j4 all 
arm-none-eabi-gcc "../Core/Src/main.c" -mcpu=cortex-m0 -std=gnu11 -g3 -DDEBUG -DUSE_HAL_DRIVER -DSTM32F030x8 -c -I../Core/Inc -I../Drivers/STM32F0xx_HAL_Driver/Inc -I../Drivers/STM32F0xx_HAL_Driver/Inc/Legacy -I../Drivers/CMSIS/Device/ST/STM32F0xx/Include -I../Drivers/CMSIS/Include -O0 -ffunction-sections -fdata-sections -Wall -fstack-usage -fcyclomatic-complexity -MMD -MP -MF"Core/Src/main.d" -MT"Core/Src/main.o" --specs=nano.specs -mfloat-abi=soft -mthumb -o "Core/Src/main.o"
../Core/Src/main.c: In function 'main':
../Core/Src/main.c:117:11: warning: implicit declaration of function 'sct_value' [-Wimplicit-function-declaration]
  117 |           sct_value((raw_pot * (500+1)) / 4096, (raw_pot * 9) / 4096);
      |           ^~~~~~~~~
arm-none-eabi-gcc -o "cvic4.elf" @"objects.list"   -mcpu=cortex-m0 -T"C:\Temp\xnesva08\MKS\cp04\cvic4\STM32F030R8TX_FLASH.ld" --specs=nosys.specs -Wl,-Map="cvic4.map" -Wl,--gc-sections -static --specs=nano.specs -mfloat-abi=soft -mthumb -Wl,--start-group -lc -lm -Wl,--end-group
Finished building target: cvic4.elf
 
arm-none-eabi-size   cvic4.elf 
arm-none-eabi-objdump -h -S  cvic4.elf  > "cvic4.list"
   text	   data	    bss	    dec	    hex	filename
  10564	     20	   1772	  12356	   3044	cvic4.elf
Finished building: default.size.stdout
 
Finished building: cvic4.list
 
11:48:55 **** Incremental Build of configuration Debug for project cvic4 ****
make -j4 all 
arm-none-eabi-gcc "../Core/Src/main.c" -mcpu=cortex-m0 -std=gnu11 -g3 -DDEBUG -DUSE_HAL_DRIVER -DSTM32F030x8 -c -I../Core/Inc -I../Drivers/STM32F0xx_HAL_Driver/Inc -I../Drivers/STM32F0xx_HAL_Driver/Inc/Legacy -I../Drivers/CMSIS/Device/ST/STM32F0xx/Include -I../Drivers/CMSIS/Include -O0 -ffunction-sections -fdata-sections -Wall -fstack-usage -fcyclomatic-complexity -MMD -MP -MF"Core/Src/main.d" -MT"Core/Src/main.o" --specs=nano.specs -mfloat-abi=soft -mthumb -o "Core/Src/main.o"
../Core/Src/main.c: In function 'main':
../Core/Src/main.c:127:12: warning: unused variable 'voltage' [-Wunused-variable]
  127 |   uint32_t voltage = 330 * (*VREFINT_CAL_ADDR) / raw_volt;
      |            ^~~~~~~
arm-none-eabi-gcc -o "cvic4.elf" @"objects.list"   -mcpu=cortex-m0 -T"C:\Temp\xnesva08\MKS\cp04\cvic4\STM32F030R8TX_FLASH.ld" --specs=nosys.specs -Wl,-Map="cvic4.map" -Wl,--gc-sections -static --specs=nano.specs -mfloat-abi=soft -mthumb -Wl,--start-group -lc -lm -Wl,--end-group
Finished building target: cvic4.elf
 
arm-none-eabi-size   cvic4.elf 
arm-none-eabi-objdump -h -S  cvic4.elf  > "cvic4.list"
   text	   data	    bss	    dec	    hex	filename
  10612	     20	   1788	  12420	   3084	cvic4.elf
Finished building: default.size.stdout
 
Finished building: cvic4.list
 
12:19:27 **** Incremental Build of configuration Debug for project cvic4 ****
make -j4 all 
arm-none-eabi-gcc "../Core/Src/main.c" -mcpu=cortex-m0 -std=gnu11 -g3 -DDEBUG -DUSE_HAL_DRIVER -DSTM32F030x8 -c -I../Core/Inc -I../Drivers/STM32F0xx_HAL_Driver/Inc -I../Drivers/STM32F0xx_HAL_Driver/Inc/Legacy -I../Drivers/CMSIS/Device/ST/STM32F0xx/Include -I../Drivers/CMSIS/Include -O0 -ffunction-sections -fdata-sections -Wall -fstack-usage -fcyclomatic-complexity -MMD -MP -MF"Core/Src/main.d" -MT"Core/Src/main.o" --specs=nano.specs -mfloat-abi=soft -mthumb -o "Core/Src/main.o"
../Core/Src/main.c: In function 'main':
../Core/Src/main.c:149:19: warning: implicit declaration of function 'getchar' [-Wimplicit-function-declaration]
  149 |           switch (getchar(state)){
      |                   ^~~~~~~
../Core/Src/main.c:21:1: note: 'getchar' is defined in header '<stdio.h>'; did you forget to '#include <stdio.h>'?
   20 | #include "main.h"
  +++ |+#include <stdio.h>
   21 | 
../Core/Src/main.c:151:16: warning: character constant too long for its type
  151 |           case 'SHOT_POT':
      |                ^~~~~~~~~~
../Core/Src/main.c:152:19: warning: implicit declaration of function 'sct_value' [-Wimplicit-function-declaration]
  152 |                   sct_value((raw_pot * (500+1)) / 4096, (raw_pot * 9) / 4096);
      |                   ^~~~~~~~~
../Core/Src/main.c:154:16: warning: character constant too long for its type
  154 |           case 'SHOT_VOLT':
      |                ^~~~~~~~~~~
../Core/Src/main.c:157:16: warning: character constant too long for its type
  157 |           case 'SHOT_TEMP':
      |                ^~~~~~~~~~~
../Core/Src/main.c:141:20: warning: unused variable 'voltage' [-Wunused-variable]
  141 |           uint32_t voltage = 330 * (*VREFINT_CAL_ADDR) / raw_volt;
      |                    ^~~~~~~
../Core/Src/main.c: At top level:
../Core/Src/main.c:168:1: error: expected identifier or '(' before '}' token
  168 | }
      | ^
make: *** [Core/Src/subdir.mk:37: Core/Src/main.o] Error 1
"make -j4 all" terminated with exit code 2. Build might be incomplete.
12:20:03 **** Incremental Build of configuration Debug for project cvic4 ****
make -j4 all 
arm-none-eabi-gcc "../Core/Src/main.c" -mcpu=cortex-m0 -std=gnu11 -g3 -DDEBUG -DUSE_HAL_DRIVER -DSTM32F030x8 -c -I../Core/Inc -I../Drivers/STM32F0xx_HAL_Driver/Inc -I../Drivers/STM32F0xx_HAL_Driver/Inc/Legacy -I../Drivers/CMSIS/Device/ST/STM32F0xx/Include -I../Drivers/CMSIS/Include -O0 -ffunction-sections -fdata-sections -Wall -fstack-usage -fcyclomatic-complexity -MMD -MP -MF"Core/Src/main.d" -MT"Core/Src/main.o" --specs=nano.specs -mfloat-abi=soft -mthumb -o "Core/Src/main.o"
../Core/Src/main.c: In function 'main':
../Core/Src/main.c:151:16: warning: character constant too long for its type
  151 |           case 'SHOT_POT':
      |                ^~~~~~~~~~
../Core/Src/main.c:152:19: warning: implicit declaration of function 'sct_value' [-Wimplicit-function-declaration]
  152 |                   sct_value((raw_pot * (500+1)) / 4096, (raw_pot * 9) / 4096);
      |                   ^~~~~~~~~
../Core/Src/main.c:154:16: warning: character constant too long for its type
  154 |           case 'SHOT_VOLT':
      |                ^~~~~~~~~~~
../Core/Src/main.c:157:16: warning: character constant too long for its type
  157 |           case 'SHOT_TEMP':
      |                ^~~~~~~~~~~
../Core/Src/main.c:157:11: warning: case label value exceeds maximum value for type [-Wswitch-outside-range]
  157 |           case 'SHOT_TEMP':
      |           ^~~~
../Core/Src/main.c:154:11: warning: case label value exceeds maximum value for type [-Wswitch-outside-range]
  154 |           case 'SHOT_VOLT':
      |           ^~~~
../Core/Src/main.c:151:11: warning: case label value exceeds maximum value for type [-Wswitch-outside-range]
  151 |           case 'SHOT_POT':
      |           ^~~~
../Core/Src/main.c:149:11: warning: enumeration value 'SHOW_POT' not handled in switch [-Wswitch]
  149 |           switch (state){
      |           ^~~~~~
../Core/Src/main.c:149:11: warning: enumeration value 'SHOW_VOLT' not handled in switch [-Wswitch]
../Core/Src/main.c:149:11: warning: enumeration value 'SHOW_TEMP' not handled in switch [-Wswitch]
../Core/Src/main.c:141:20: warning: unused variable 'voltage' [-Wunused-variable]
  141 |           uint32_t voltage = 330 * (*VREFINT_CAL_ADDR) / raw_volt;
      |                    ^~~~~~~
../Core/Src/main.c: At top level:
../Core/Src/main.c:168:1: error: expected identifier or '(' before '}' token
  168 | }
      | ^
make: *** [Core/Src/subdir.mk:37: Core/Src/main.o] Error 1
"make -j4 all" terminated with exit code 2. Build might be incomplete.
12:21:15 **** Incremental Build of configuration Debug for project cvic4 ****
make -j4 all 
arm-none-eabi-gcc "../Core/Src/main.c" -mcpu=cortex-m0 -std=gnu11 -g3 -DDEBUG -DUSE_HAL_DRIVER -DSTM32F030x8 -c -I../Core/Inc -I../Drivers/STM32F0xx_HAL_Driver/Inc -I../Drivers/STM32F0xx_HAL_Driver/Inc/Legacy -I../Drivers/CMSIS/Device/ST/STM32F0xx/Include -I../Drivers/CMSIS/Include -O0 -ffunction-sections -fdata-sections -Wall -fstack-usage -fcyclomatic-complexity -MMD -MP -MF"Core/Src/main.d" -MT"Core/Src/main.o" --specs=nano.specs -mfloat-abi=soft -mthumb -o "Core/Src/main.o"
../Core/Src/main.c: In function 'main':
../Core/Src/main.c:149:19: warning: implicit declaration of function 'gets' [-Wimplicit-function-declaration]
  149 |           switch (gets(state)){
      |                   ^~~~
../Core/Src/main.c:151:16: warning: character constant too long for its type
  151 |           case 'SHOT_POT':
      |                ^~~~~~~~~~
../Core/Src/main.c:152:19: warning: implicit declaration of function 'sct_value' [-Wimplicit-function-declaration]
  152 |                   sct_value((raw_pot * (500+1)) / 4096, (raw_pot * 9) / 4096);
      |                   ^~~~~~~~~
../Core/Src/main.c:154:16: warning: character constant too long for its type
  154 |           case 'SHOT_VOLT':
      |                ^~~~~~~~~~~
../Core/Src/main.c:157:16: warning: character constant too long for its type
  157 |           case 'SHOT_TEMP':
      |                ^~~~~~~~~~~
../Core/Src/main.c:141:20: warning: unused variable 'voltage' [-Wunused-variable]
  141 |           uint32_t voltage = 330 * (*VREFINT_CAL_ADDR) / raw_volt;
      |                    ^~~~~~~
../Core/Src/main.c: At top level:
../Core/Src/main.c:168:1: error: expected identifier or '(' before '}' token
  168 | }
      | ^
make: *** [Core/Src/subdir.mk:37: Core/Src/main.o] Error 1
"make -j4 all" terminated with exit code 2. Build might be incomplete.
12:22:01 **** Incremental Build of configuration Debug for project cvic4 ****
make -j4 all 
arm-none-eabi-gcc "../Core/Src/main.c" -mcpu=cortex-m0 -std=gnu11 -g3 -DDEBUG -DUSE_HAL_DRIVER -DSTM32F030x8 -c -I../Core/Inc -I../Drivers/STM32F0xx_HAL_Driver/Inc -I../Drivers/STM32F0xx_HAL_Driver/Inc/Legacy -I../Drivers/CMSIS/Device/ST/STM32F0xx/Include -I../Drivers/CMSIS/Include -O0 -ffunction-sections -fdata-sections -Wall -fstack-usage -fcyclomatic-complexity -MMD -MP -MF"Core/Src/main.d" -MT"Core/Src/main.o" --specs=nano.specs -mfloat-abi=soft -mthumb -o "Core/Src/main.o"
../Core/Src/main.c: In function 'main':
../Core/Src/main.c:149:19: warning: implicit declaration of function 'gets' [-Wimplicit-function-declaration]
  149 |           switch (gets(state)){
      |                   ^~~~
../Core/Src/main.c:151:16: warning: character constant too long for its type
  151 |           case 'SHOT_POT':
      |                ^~~~~~~~~~
../Core/Src/main.c:152:19: warning: implicit declaration of function 'sct_value' [-Wimplicit-function-declaration]
  152 |                   sct_value((raw_pot * (500+1)) / 4096, (raw_pot * 9) / 4096);
      |                   ^~~~~~~~~
../Core/Src/main.c:154:16: warning: character constant too long for its type
  154 |           case 'SHOT_VOLT':
      |                ^~~~~~~~~~~
../Core/Src/main.c:157:16: warning: character constant too long for its type
  157 |           case 'SHOT_TEMP':
      |                ^~~~~~~~~~~
../Core/Src/main.c:141:20: warning: unused variable 'voltage' [-Wunused-variable]
  141 |           uint32_t voltage = 330 * (*VREFINT_CAL_ADDR) / raw_volt;
      |                    ^~~~~~~
arm-none-eabi-gcc -o "cvic4.elf" @"objects.list"   -mcpu=cortex-m0 -T"C:\Temp\xnesva08\MKS\cp04\cvic4\STM32F030R8TX_FLASH.ld" --specs=nosys.specs -Wl,-Map="cvic4.map" -Wl,--gc-sections -static --specs=nano.specs -mfloat-abi=soft -mthumb -Wl,--start-group -lc -lm -Wl,--end-group
Finished building target: cvic4.elf
 
arm-none-eabi-size   cvic4.elf 
arm-none-eabi-objdump -h -S  cvic4.elf  > "cvic4.list"
   text	   data	    bss	    dec	    hex	filename
  13988	    112	   2120	  16220	   3f5c	cvic4.elf
Finished building: default.size.stdout
 
Finished building: cvic4.list
 
12:27:28 **** Incremental Build of configuration Debug for project cvic4 ****
make -j4 all 
arm-none-eabi-gcc "../Core/Src/main.c" -mcpu=cortex-m0 -std=gnu11 -g3 -DDEBUG -DUSE_HAL_DRIVER -DSTM32F030x8 -c -I../Core/Inc -I../Drivers/STM32F0xx_HAL_Driver/Inc -I../Drivers/STM32F0xx_HAL_Driver/Inc/Legacy -I../Drivers/CMSIS/Device/ST/STM32F0xx/Include -I../Drivers/CMSIS/Include -O0 -ffunction-sections -fdata-sections -Wall -fstack-usage -fcyclomatic-complexity -MMD -MP -MF"Core/Src/main.d" -MT"Core/Src/main.o" --specs=nano.specs -mfloat-abi=soft -mthumb -o "Core/Src/main.o"
../Core/Src/main.c: In function 'main':
../Core/Src/main.c:149:19: warning: implicit declaration of function 'gets' [-Wimplicit-function-declaration]
  149 |           switch (gets(state)){
      |                   ^~~~
../Core/Src/main.c:151:16: warning: character constant too long for its type
  151 |           case 'SHOW_POT':
      |                ^~~~~~~~~~
../Core/Src/main.c:152:19: warning: implicit declaration of function 'sct_value' [-Wimplicit-function-declaration]
  152 |                   sct_value((raw_pot * (500+1)) / 4096, (raw_pot * 9) / 4096);
      |                   ^~~~~~~~~
../Core/Src/main.c:154:16: warning: character constant too long for its type
  154 |           case 'SHOW_VOLT':
      |                ^~~~~~~~~~~
../Core/Src/main.c:157:16: warning: character constant too long for its type
  157 |           case 'SHOW_TEMP':
      |                ^~~~~~~~~~~
../Core/Src/main.c:162:11: error: too few arguments to function 'HAL_GPIO_ReadPin'
  162 |           HAL_GPIO_ReadPin()
      |           ^~~~~~~~~~~~~~~~
In file included from ../Core/Inc/stm32f0xx_hal_conf.h:197,
                 from ../Drivers/STM32F0xx_HAL_Driver/Inc/stm32f0xx_hal.h:30,
                 from ../Core/Inc/main.h:30,
                 from ../Core/Src/main.c:20:
../Drivers/STM32F0xx_HAL_Driver/Inc/stm32f0xx_hal_gpio.h:293:19: note: declared here
  293 | GPIO_PinState     HAL_GPIO_ReadPin(GPIO_TypeDef* GPIOx, uint16_t GPIO_Pin);
      |                   ^~~~~~~~~~~~~~~~
../Core/Src/main.c:162:29: error: expected ';' before '}' token
  162 |           HAL_GPIO_ReadPin()
      |                             ^
      |                             ;
  163 |   }
      |   ~                          
../Core/Src/main.c:141:20: warning: unused variable 'voltage' [-Wunused-variable]
  141 |           uint32_t voltage = 330 * (*VREFINT_CAL_ADDR) / raw_volt;
      |                    ^~~~~~~
make: *** [Core/Src/subdir.mk:37: Core/Src/main.o] Error 1
"make -j4 all" terminated with exit code 2. Build might be incomplete.
12:27:49 **** Incremental Build of configuration Debug for project cvic4 ****
make -j4 all 
arm-none-eabi-gcc "../Core/Src/main.c" -mcpu=cortex-m0 -std=gnu11 -g3 -DDEBUG -DUSE_HAL_DRIVER -DSTM32F030x8 -c -I../Core/Inc -I../Drivers/STM32F0xx_HAL_Driver/Inc -I../Drivers/STM32F0xx_HAL_Driver/Inc/Legacy -I../Drivers/CMSIS/Device/ST/STM32F0xx/Include -I../Drivers/CMSIS/Include -O0 -ffunction-sections -fdata-sections -Wall -fstack-usage -fcyclomatic-complexity -MMD -MP -MF"Core/Src/main.d" -MT"Core/Src/main.o" --specs=nano.specs -mfloat-abi=soft -mthumb -o "Core/Src/main.o"
../Core/Src/main.c: In function 'main':
../Core/Src/main.c:149:19: warning: implicit declaration of function 'gets' [-Wimplicit-function-declaration]
  149 |           switch (gets(state)){
      |                   ^~~~
../Core/Src/main.c:151:16: warning: character constant too long for its type
  151 |           case 'SHOW_POT':
      |                ^~~~~~~~~~
../Core/Src/main.c:152:19: warning: implicit declaration of function 'sct_value' [-Wimplicit-function-declaration]
  152 |                   sct_value((raw_pot * (500+1)) / 4096, (raw_pot * 9) / 4096);
      |                   ^~~~~~~~~
../Core/Src/main.c:154:16: warning: character constant too long for its type
  154 |           case 'SHOW_VOLT':
      |                ^~~~~~~~~~~
../Core/Src/main.c:157:16: warning: character constant too long for its type
  157 |           case 'SHOW_TEMP':
      |                ^~~~~~~~~~~
../Core/Src/main.c:141:20: warning: unused variable 'voltage' [-Wunused-variable]
  141 |           uint32_t voltage = 330 * (*VREFINT_CAL_ADDR) / raw_volt;
      |                    ^~~~~~~
arm-none-eabi-gcc -o "cvic4.elf" @"objects.list"   -mcpu=cortex-m0 -T"C:\Temp\xnesva08\MKS\cp04\cvic4\STM32F030R8TX_FLASH.ld" --specs=nosys.specs -Wl,-Map="cvic4.map" -Wl,--gc-sections -static --specs=nano.specs -mfloat-abi=soft -mthumb -Wl,--start-group -lc -lm -Wl,--end-group
Finished building target: cvic4.elf
 
arm-none-eabi-size   cvic4.elf 
arm-none-eabi-objdump -h -S  cvic4.elf  > "cvic4.list"
   text	   data	    bss	    dec	    hex	filename
  13988	    112	   2120	  16220	   3f5c	cvic4.elf
Finished building: default.size.stdout
 
Finished building: cvic4.list
 
12:29:17 **** Incremental Build of configuration Debug for project cvic4 ****
make -j4 all 
arm-none-eabi-size   cvic4.elf 
   text	   data	    bss	    dec	    hex	filename
  13988	    112	   2120	  16220	   3f5c	cvic4.elf
Finished building: default.size.stdout
 
12:29:54 **** Incremental Build of configuration Debug for project cvic4 ****
make -j4 all 
arm-none-eabi-gcc "../Core/Src/main.c" -mcpu=cortex-m0 -std=gnu11 -g3 -DDEBUG -DUSE_HAL_DRIVER -DSTM32F030x8 -c -I../Core/Inc -I../Drivers/STM32F0xx_HAL_Driver/Inc -I../Drivers/STM32F0xx_HAL_Driver/Inc/Legacy -I../Drivers/CMSIS/Device/ST/STM32F0xx/Include -I../Drivers/CMSIS/Include -O0 -ffunction-sections -fdata-sections -Wall -fstack-usage -fcyclomatic-complexity -MMD -MP -MF"Core/Src/main.d" -MT"Core/Src/main.o" --specs=nano.specs -mfloat-abi=soft -mthumb -o "Core/Src/main.o"
../Core/Src/main.c: In function 'main':
../Core/Src/main.c:138:11: warning: implicit declaration of function 'sct_value' [-Wimplicit-function-declaration]
  138 |           sct_value((raw_pot * (500+1)) / 4096, (raw_pot * 9) / 4096);
      |           ^~~~~~~~~
../Core/Src/main.c:149:19: warning: implicit declaration of function 'gets' [-Wimplicit-function-declaration]
  149 |           switch (gets(state)){
      |                   ^~~~
../Core/Src/main.c:151:16: warning: character constant too long for its type
  151 |           case 'SHOW_POT':
      |                ^~~~~~~~~~
../Core/Src/main.c:154:16: warning: character constant too long for its type
  154 |           case 'SHOW_VOLT':
      |                ^~~~~~~~~~~
../Core/Src/main.c:157:16: warning: character constant too long for its type
  157 |           case 'SHOW_TEMP':
      |                ^~~~~~~~~~~
../Core/Src/main.c:141:20: warning: unused variable 'voltage' [-Wunused-variable]
  141 |           uint32_t voltage = 330 * (*VREFINT_CAL_ADDR) / raw_volt;
      |                    ^~~~~~~
arm-none-eabi-gcc -o "cvic4.elf" @"objects.list"   -mcpu=cortex-m0 -T"C:\Temp\xnesva08\MKS\cp04\cvic4\STM32F030R8TX_FLASH.ld" --specs=nosys.specs -Wl,-Map="cvic4.map" -Wl,--gc-sections -static --specs=nano.specs -mfloat-abi=soft -mthumb -Wl,--start-group -lc -lm -Wl,--end-group
Finished building target: cvic4.elf
 
arm-none-eabi-size   cvic4.elf 
arm-none-eabi-objdump -h -S  cvic4.elf  > "cvic4.list"
   text	   data	    bss	    dec	    hex	filename
  14032	    112	   2120	  16264	   3f88	cvic4.elf
Finished building: default.size.stdout
 
Finished building: cvic4.list
 
12:34:15 **** Incremental Build of configuration Debug for project cvic4 ****
make -j4 all 
arm-none-eabi-gcc "../Core/Src/main.c" -mcpu=cortex-m0 -std=gnu11 -g3 -DDEBUG -DUSE_HAL_DRIVER -DSTM32F030x8 -c -I../Core/Inc -I../Drivers/STM32F0xx_HAL_Driver/Inc -I../Drivers/STM32F0xx_HAL_Driver/Inc/Legacy -I../Drivers/CMSIS/Device/ST/STM32F0xx/Include -I../Drivers/CMSIS/Include -O0 -ffunction-sections -fdata-sections -Wall -fstack-usage -fcyclomatic-complexity -MMD -MP -MF"Core/Src/main.d" -MT"Core/Src/main.o" --specs=nano.specs -mfloat-abi=soft -mthumb -o "Core/Src/main.o"
../Core/Src/main.c: In function 'main':
../Core/Src/main.c:138:11: warning: implicit declaration of function 'sct_value' [-Wimplicit-function-declaration]
  138 |           sct_value((raw_pot * (500+1)) / 4096, (raw_pot * 9) / 4096);
      |           ^~~~~~~~~
../Core/Src/main.c:149:19: warning: implicit declaration of function 'gets' [-Wimplicit-function-declaration]
  149 |           switch (gets(state)){
      |                   ^~~~
../Core/Src/main.c:151:24: warning: character constant too long for its type
  151 |           case state = 'SHOW_POT':
      |                        ^~~~~~~~~~
../Core/Src/main.c:151:24: warning: unsigned conversion from 'int' to 'enum <anonymous>' changes value from '1599098708' to '84' [-Woverflow]
../Core/Src/main.c:151:11: error: case label does not reduce to an integer constant
  151 |           case state = 'SHOW_POT':
      |           ^~~~
../Core/Src/main.c:155:24: warning: character constant too long for its type
  155 |           case state = 'SHOW_VOLT':
      |                        ^~~~~~~~~~~
../Core/Src/main.c:155:24: warning: unsigned conversion from 'int' to 'enum <anonymous>' changes value from '1448037460' to '84' [-Woverflow]
../Core/Src/main.c:155:11: error: case label does not reduce to an integer constant
  155 |           case state = 'SHOW_VOLT':
      |           ^~~~
../Core/Src/main.c:159:24: warning: character constant too long for its type
  159 |           case state = 'SHOW_TEMP':
      |                        ^~~~~~~~~~~
../Core/Src/main.c:159:24: warning: unsigned conversion from 'int' to 'enum <anonymous>' changes value from '1413827920' to '80' [-Woverflow]
../Core/Src/main.c:159:11: error: case label does not reduce to an integer constant
  159 |           case state = 'SHOW_TEMP':
      |           ^~~~
../Core/Src/main.c:141:20: warning: unused variable 'voltage' [-Wunused-variable]
  141 |           uint32_t voltage = 330 * (*VREFINT_CAL_ADDR) / raw_volt;
      |                    ^~~~~~~
make: *** [Core/Src/subdir.mk:37: Core/Src/main.o] Error 1
"make -j4 all" terminated with exit code 2. Build might be incomplete.
12:34:30 **** Incremental Build of configuration Debug for project cvic4 ****
make -j4 all 
arm-none-eabi-gcc "../Core/Src/main.c" -mcpu=cortex-m0 -std=gnu11 -g3 -DDEBUG -DUSE_HAL_DRIVER -DSTM32F030x8 -c -I../Core/Inc -I../Drivers/STM32F0xx_HAL_Driver/Inc -I../Drivers/STM32F0xx_HAL_Driver/Inc/Legacy -I../Drivers/CMSIS/Device/ST/STM32F0xx/Include -I../Drivers/CMSIS/Include -O0 -ffunction-sections -fdata-sections -Wall -fstack-usage -fcyclomatic-complexity -MMD -MP -MF"Core/Src/main.d" -MT"Core/Src/main.o" --specs=nano.specs -mfloat-abi=soft -mthumb -o "Core/Src/main.o"
../Core/Src/main.c: In function 'main':
../Core/Src/main.c:138:11: warning: implicit declaration of function 'sct_value' [-Wimplicit-function-declaration]
  138 |           sct_value((raw_pot * (500+1)) / 4096, (raw_pot * 9) / 4096);
      |           ^~~~~~~~~
../Core/Src/main.c:149:19: warning: implicit declaration of function 'gets' [-Wimplicit-function-declaration]
  149 |           switch (gets(state)){
      |                   ^~~~
../Core/Src/main.c:151:16: warning: character constant too long for its type
  151 |           case 'SHOW_POT':
      |                ^~~~~~~~~~
../Core/Src/main.c:155:16: warning: character constant too long for its type
  155 |           case 'SHOW_VOLT':
      |                ^~~~~~~~~~~
../Core/Src/main.c:159:16: warning: character constant too long for its type
  159 |           case 'SHOW_TEMP':
      |                ^~~~~~~~~~~
../Core/Src/main.c:141:20: warning: unused variable 'voltage' [-Wunused-variable]
  141 |           uint32_t voltage = 330 * (*VREFINT_CAL_ADDR) / raw_volt;
      |                    ^~~~~~~
arm-none-eabi-gcc -o "cvic4.elf" @"objects.list"   -mcpu=cortex-m0 -T"C:\Temp\xnesva08\MKS\cp04\cvic4\STM32F030R8TX_FLASH.ld" --specs=nosys.specs -Wl,-Map="cvic4.map" -Wl,--gc-sections -static --specs=nano.specs -mfloat-abi=soft -mthumb -Wl,--start-group -lc -lm -Wl,--end-group
Finished building target: cvic4.elf
 
arm-none-eabi-size   cvic4.elf 
arm-none-eabi-objdump -h -S  cvic4.elf  > "cvic4.list"
   text	   data	    bss	    dec	    hex	filename
  14076	    112	   2120	  16308	   3fb4	cvic4.elf
Finished building: default.size.stdout
 
Finished building: cvic4.list
 
12:35:04 **** Incremental Build of configuration Debug for project cvic4 ****
make -j4 all 
arm-none-eabi-gcc "../Core/Src/main.c" -mcpu=cortex-m0 -std=gnu11 -g3 -DDEBUG -DUSE_HAL_DRIVER -DSTM32F030x8 -c -I../Core/Inc -I../Drivers/STM32F0xx_HAL_Driver/Inc -I../Drivers/STM32F0xx_HAL_Driver/Inc/Legacy -I../Drivers/CMSIS/Device/ST/STM32F0xx/Include -I../Drivers/CMSIS/Include -O0 -ffunction-sections -fdata-sections -Wall -fstack-usage -fcyclomatic-complexity -MMD -MP -MF"Core/Src/main.d" -MT"Core/Src/main.o" --specs=nano.specs -mfloat-abi=soft -mthumb -o "Core/Src/main.o"
../Core/Src/main.c: In function 'main':
../Core/Src/main.c:138:11: warning: implicit declaration of function 'sct_value' [-Wimplicit-function-declaration]
  138 |           sct_value((raw_pot * (500+1)) / 4096, (raw_pot * 9) / 4096);
      |           ^~~~~~~~~
../Core/Src/main.c:149:19: warning: implicit declaration of function 'gets' [-Wimplicit-function-declaration]
  149 |           switch (gets(state)){
      |                   ^~~~
../Core/Src/main.c:151:24: warning: character constant too long for its type
  151 |           case state =='SHOW_POT':
      |                        ^~~~~~~~~~
../Core/Src/main.c:155:16: warning: character constant too long for its type
  155 |           case 'SHOW_VOLT':
      |                ^~~~~~~~~~~
../Core/Src/main.c:159:16: warning: character constant too long for its type
  159 |           case 'SHOW_TEMP':
      |                ^~~~~~~~~~~
../Core/Src/main.c:141:20: warning: unused variable 'voltage' [-Wunused-variable]
  141 |           uint32_t voltage = 330 * (*VREFINT_CAL_ADDR) / raw_volt;
      |                    ^~~~~~~
arm-none-eabi-gcc -o "cvic4.elf" @"objects.list"   -mcpu=cortex-m0 -T"C:\Temp\xnesva08\MKS\cp04\cvic4\STM32F030R8TX_FLASH.ld" --specs=nosys.specs -Wl,-Map="cvic4.map" -Wl,--gc-sections -static --specs=nano.specs -mfloat-abi=soft -mthumb -Wl,--start-group -lc -lm -Wl,--end-group
Finished building target: cvic4.elf
 
arm-none-eabi-size   cvic4.elf 
arm-none-eabi-objdump -h -S  cvic4.elf  > "cvic4.list"
   text	   data	    bss	    dec	    hex	filename
  14068	    112	   2120	  16300	   3fac	cvic4.elf
Finished building: default.size.stdout
 
Finished building: cvic4.list
 
12:35:18 **** Incremental Build of configuration Debug for project cvic4 ****
make -j4 all 
arm-none-eabi-gcc "../Core/Src/main.c" -mcpu=cortex-m0 -std=gnu11 -g3 -DDEBUG -DUSE_HAL_DRIVER -DSTM32F030x8 -c -I../Core/Inc -I../Drivers/STM32F0xx_HAL_Driver/Inc -I../Drivers/STM32F0xx_HAL_Driver/Inc/Legacy -I../Drivers/CMSIS/Device/ST/STM32F0xx/Include -I../Drivers/CMSIS/Include -O0 -ffunction-sections -fdata-sections -Wall -fstack-usage -fcyclomatic-complexity -MMD -MP -MF"Core/Src/main.d" -MT"Core/Src/main.o" --specs=nano.specs -mfloat-abi=soft -mthumb -o "Core/Src/main.o"
../Core/Src/main.c: In function 'main':
../Core/Src/main.c:138:11: warning: implicit declaration of function 'sct_value' [-Wimplicit-function-declaration]
  138 |           sct_value((raw_pot * (500+1)) / 4096, (raw_pot * 9) / 4096);
      |           ^~~~~~~~~
../Core/Src/main.c:149:19: warning: implicit declaration of function 'gets' [-Wimplicit-function-declaration]
  149 |           switch (gets(state)){
      |                   ^~~~
../Core/Src/main.c:151:25: warning: character constant too long for its type
  151 |           case state == 'SHOW_POT':
      |                         ^~~~~~~~~~
../Core/Src/main.c:155:25: warning: character constant too long for its type
  155 |           case state == 'SHOW_VOLT':
      |                         ^~~~~~~~~~~
../Core/Src/main.c:155:11: error: duplicate case value
  155 |           case state == 'SHOW_VOLT':
      |           ^~~~
../Core/Src/main.c:151:11: note: previously used here
  151 |           case state == 'SHOW_POT':
      |           ^~~~
../Core/Src/main.c:159:25: warning: character constant too long for its type
  159 |           case state == 'SHOW_TEMP':
      |                         ^~~~~~~~~~~
../Core/Src/main.c:159:11: error: duplicate case value
  159 |           case state == 'SHOW_TEMP':
      |           ^~~~
../Core/Src/main.c:151:11: note: previously used here
  151 |           case state == 'SHOW_POT':
      |           ^~~~
../Core/Src/main.c:141:20: warning: unused variable 'voltage' [-Wunused-variable]
  141 |           uint32_t voltage = 330 * (*VREFINT_CAL_ADDR) / raw_volt;
      |                    ^~~~~~~
make: *** [Core/Src/subdir.mk:37: Core/Src/main.o] Error 1
"make -j4 all" terminated with exit code 2. Build might be incomplete.
12:35:34 **** Incremental Build of configuration Debug for project cvic4 ****
make -j4 all 
arm-none-eabi-gcc "../Core/Src/main.c" -mcpu=cortex-m0 -std=gnu11 -g3 -DDEBUG -DUSE_HAL_DRIVER -DSTM32F030x8 -c -I../Core/Inc -I../Drivers/STM32F0xx_HAL_Driver/Inc -I../Drivers/STM32F0xx_HAL_Driver/Inc/Legacy -I../Drivers/CMSIS/Device/ST/STM32F0xx/Include -I../Drivers/CMSIS/Include -O0 -ffunction-sections -fdata-sections -Wall -fstack-usage -fcyclomatic-complexity -MMD -MP -MF"Core/Src/main.d" -MT"Core/Src/main.o" --specs=nano.specs -mfloat-abi=soft -mthumb -o "Core/Src/main.o"
../Core/Src/main.c: In function 'main':
../Core/Src/main.c:138:11: warning: implicit declaration of function 'sct_value' [-Wimplicit-function-declaration]
  138 |           sct_value((raw_pot * (500+1)) / 4096, (raw_pot * 9) / 4096);
      |           ^~~~~~~~~
../Core/Src/main.c:149:19: warning: implicit declaration of function 'gets' [-Wimplicit-function-declaration]
  149 |           switch (gets(state)){
      |                   ^~~~
../Core/Src/main.c:151:16: warning: character constant too long for its type
  151 |           case 'SHOW_POT':
      |                ^~~~~~~~~~
../Core/Src/main.c:155:16: warning: character constant too long for its type
  155 |           case 'SHOW_VOLT':
      |                ^~~~~~~~~~~
../Core/Src/main.c:159:16: warning: character constant too long for its type
  159 |           case 'SHOW_TEMP':
      |                ^~~~~~~~~~~
../Core/Src/main.c:141:20: warning: unused variable 'voltage' [-Wunused-variable]
  141 |           uint32_t voltage = 330 * (*VREFINT_CAL_ADDR) / raw_volt;
      |                    ^~~~~~~
arm-none-eabi-gcc -o "cvic4.elf" @"objects.list"   -mcpu=cortex-m0 -T"C:\Temp\xnesva08\MKS\cp04\cvic4\STM32F030R8TX_FLASH.ld" --specs=nosys.specs -Wl,-Map="cvic4.map" -Wl,--gc-sections -static --specs=nano.specs -mfloat-abi=soft -mthumb -Wl,--start-group -lc -lm -Wl,--end-group
Finished building target: cvic4.elf
 
arm-none-eabi-size   cvic4.elf 
arm-none-eabi-objdump -h -S  cvic4.elf  > "cvic4.list"
   text	   data	    bss	    dec	    hex	filename
  14076	    112	   2120	  16308	   3fb4	cvic4.elf
Finished building: default.size.stdout
 
Finished building: cvic4.list
 
12:43:32 **** Incremental Build of configuration Debug for project cvic4 ****
make -j4 all 
arm-none-eabi-gcc "../Core/Src/main.c" -mcpu=cortex-m0 -std=gnu11 -g3 -DDEBUG -DUSE_HAL_DRIVER -DSTM32F030x8 -c -I../Core/Inc -I../Drivers/STM32F0xx_HAL_Driver/Inc -I../Drivers/STM32F0xx_HAL_Driver/Inc/Legacy -I../Drivers/CMSIS/Device/ST/STM32F0xx/Include -I../Drivers/CMSIS/Include -O0 -ffunction-sections -fdata-sections -Wall -fstack-usage -fcyclomatic-complexity -MMD -MP -MF"Core/Src/main.d" -MT"Core/Src/main.o" --specs=nano.specs -mfloat-abi=soft -mthumb -o "Core/Src/main.o"
../Core/Src/main.c: In function 'main':
../Core/Src/main.c:138:11: warning: implicit declaration of function 'sct_value' [-Wimplicit-function-declaration]
  138 |           sct_value((raw_pot * (500+1)) / 4096, (raw_pot * 9) / 4096);
      |           ^~~~~~~~~
../Core/Src/main.c:141:20: warning: unused variable 'voltage' [-Wunused-variable]
  141 |           uint32_t voltage = 330 * (*VREFINT_CAL_ADDR) / raw_volt;
      |                    ^~~~~~~
arm-none-eabi-gcc -o "cvic4.elf" @"objects.list"   -mcpu=cortex-m0 -T"C:\Temp\xnesva08\MKS\cp04\cvic4\STM32F030R8TX_FLASH.ld" --specs=nosys.specs -Wl,-Map="cvic4.map" -Wl,--gc-sections -static --specs=nano.specs -mfloat-abi=soft -mthumb -Wl,--start-group -lc -lm -Wl,--end-group
Finished building target: cvic4.elf
 
arm-none-eabi-size   cvic4.elf 
arm-none-eabi-objdump -h -S  cvic4.elf  > "cvic4.list"
   text	   data	    bss	    dec	    hex	filename
  11396	     20	   1788	  13204	   3394	cvic4.elf
Finished building: default.size.stdout
 
Finished building: cvic4.list
 
12:43:46 **** Incremental Build of configuration Debug for project cvic4 ****
make -j4 all 
arm-none-eabi-gcc "../Core/Src/main.c" -mcpu=cortex-m0 -std=gnu11 -g3 -DDEBUG -DUSE_HAL_DRIVER -DSTM32F030x8 -c -I../Core/Inc -I../Drivers/STM32F0xx_HAL_Driver/Inc -I../Drivers/STM32F0xx_HAL_Driver/Inc/Legacy -I../Drivers/CMSIS/Device/ST/STM32F0xx/Include -I../Drivers/CMSIS/Include -O0 -ffunction-sections -fdata-sections -Wall -fstack-usage -fcyclomatic-complexity -MMD -MP -MF"Core/Src/main.d" -MT"Core/Src/main.o" --specs=nano.specs -mfloat-abi=soft -mthumb -o "Core/Src/main.o"
../Core/Src/main.c: In function 'main':
../Core/Src/main.c:141:20: warning: unused variable 'voltage' [-Wunused-variable]
  141 |           uint32_t voltage = 330 * (*VREFINT_CAL_ADDR) / raw_volt;
      |                    ^~~~~~~
arm-none-eabi-gcc -o "cvic4.elf" @"objects.list"   -mcpu=cortex-m0 -T"C:\Temp\xnesva08\MKS\cp04\cvic4\STM32F030R8TX_FLASH.ld" --specs=nosys.specs -Wl,-Map="cvic4.map" -Wl,--gc-sections -static --specs=nano.specs -mfloat-abi=soft -mthumb -Wl,--start-group -lc -lm -Wl,--end-group
Finished building target: cvic4.elf
 
arm-none-eabi-size   cvic4.elf 
arm-none-eabi-objdump -h -S  cvic4.elf  > "cvic4.list"
   text	   data	    bss	    dec	    hex	filename
  11412	     20	   1788	  13220	   33a4	cvic4.elf
Finished building: default.size.stdout
 
Finished building: cvic4.list
 
12:50:10 **** Incremental Build of configuration Debug for project cvic4 ****
make -j4 all 
arm-none-eabi-gcc "../Core/Src/main.c" -mcpu=cortex-m0 -std=gnu11 -g3 -DDEBUG -DUSE_HAL_DRIVER -DSTM32F030x8 -c -I../Core/Inc -I../Drivers/STM32F0xx_HAL_Driver/Inc -I../Drivers/STM32F0xx_HAL_Driver/Inc/Legacy -I../Drivers/CMSIS/Device/ST/STM32F0xx/Include -I../Drivers/CMSIS/Include -O0 -ffunction-sections -fdata-sections -Wall -fstack-usage -fcyclomatic-complexity -MMD -MP -MF"Core/Src/main.d" -MT"Core/Src/main.o" --specs=nano.specs -mfloat-abi=soft -mthumb -o "Core/Src/main.o"
../Core/Src/main.c: In function 'main':
../Core/Src/main.c:165:41: error: 'GPIO_Pin' undeclared (first use in this function); did you mean 'GPIO_PIN_0'?
  165 |          HAL_GPIO_ReadPin(S2_GPIO_Port, GPIO_Pin);
      |                                         ^~~~~~~~
      |                                         GPIO_PIN_0
../Core/Src/main.c:165:41: note: each undeclared identifier is reported only once for each function it appears in
make: *** [Core/Src/subdir.mk:37: Core/Src/main.o] Error 1
"make -j4 all" terminated with exit code 2. Build might be incomplete.
12:50:36 **** Incremental Build of configuration Debug for project cvic4 ****
make -j4 all 
arm-none-eabi-gcc "../Core/Src/main.c" -mcpu=cortex-m0 -std=gnu11 -g3 -DDEBUG -DUSE_HAL_DRIVER -DSTM32F030x8 -c -I../Core/Inc -I../Drivers/STM32F0xx_HAL_Driver/Inc -I../Drivers/STM32F0xx_HAL_Driver/Inc/Legacy -I../Drivers/CMSIS/Device/ST/STM32F0xx/Include -I../Drivers/CMSIS/Include -O0 -ffunction-sections -fdata-sections -Wall -fstack-usage -fcyclomatic-complexity -MMD -MP -MF"Core/Src/main.d" -MT"Core/Src/main.o" --specs=nano.specs -mfloat-abi=soft -mthumb -o "Core/Src/main.o"
../Core/Src/main.c: In function 'main':
../Core/Src/main.c:165:41: error: 'GPIO_Pin_0' undeclared (first use in this function); did you mean 'GPIO_PIN_0'?
  165 |          HAL_GPIO_ReadPin(S2_GPIO_Port, GPIO_Pin_0);
      |                                         ^~~~~~~~~~
      |                                         GPIO_PIN_0
../Core/Src/main.c:165:41: note: each undeclared identifier is reported only once for each function it appears in
make: *** [Core/Src/subdir.mk:37: Core/Src/main.o] Error 1
"make -j4 all" terminated with exit code 2. Build might be incomplete.
12:50:49 **** Incremental Build of configuration Debug for project cvic4 ****
make -j4 all 
arm-none-eabi-gcc "../Core/Src/main.c" -mcpu=cortex-m0 -std=gnu11 -g3 -DDEBUG -DUSE_HAL_DRIVER -DSTM32F030x8 -c -I../Core/Inc -I../Drivers/STM32F0xx_HAL_Driver/Inc -I../Drivers/STM32F0xx_HAL_Driver/Inc/Legacy -I../Drivers/CMSIS/Device/ST/STM32F0xx/Include -I../Drivers/CMSIS/Include -O0 -ffunction-sections -fdata-sections -Wall -fstack-usage -fcyclomatic-complexity -MMD -MP -MF"Core/Src/main.d" -MT"Core/Src/main.o" --specs=nano.specs -mfloat-abi=soft -mthumb -o "Core/Src/main.o"
../Core/Src/main.c: In function 'main':
../Core/Src/main.c:165:41: warning: character constant too long for its type
  165 |          HAL_GPIO_ReadPin(S2_GPIO_Port, 'GPIO_Pin_0');
      |                                         ^~~~~~~~~~~~
../Core/Src/main.c:165:41: warning: unsigned conversion from 'int' to 'uint16_t' {aka 'short unsigned int'} changes value from '1768841008' to '24368' [-Woverflow]
arm-none-eabi-gcc -o "cvic4.elf" @"objects.list"   -mcpu=cortex-m0 -T"C:\Temp\xnesva08\MKS\cp04\cvic4\STM32F030R8TX_FLASH.ld" --specs=nosys.specs -Wl,-Map="cvic4.map" -Wl,--gc-sections -static --specs=nano.specs -mfloat-abi=soft -mthumb -Wl,--start-group -lc -lm -Wl,--end-group
Finished building target: cvic4.elf
 
arm-none-eabi-size   cvic4.elf 
arm-none-eabi-objdump -h -S  cvic4.elf  > "cvic4.list"
   text	   data	    bss	    dec	    hex	filename
  11484	     20	   1788	  13292	   33ec	cvic4.elf
Finished building: default.size.stdout
 
Finished building: cvic4.list
 
12:51:05 **** Incremental Build of configuration Debug for project cvic4 ****
make -j4 all 
arm-none-eabi-size   cvic4.elf 
   text	   data	    bss	    dec	    hex	filename
  11484	     20	   1788	  13292	   33ec	cvic4.elf
Finished building: default.size.stdout
 
12:55:36 **** Incremental Build of configuration Debug for project cvic4 ****
make -j4 all 
arm-none-eabi-gcc "../Core/Src/main.c" -mcpu=cortex-m0 -std=gnu11 -g3 -DDEBUG -DUSE_HAL_DRIVER -DSTM32F030x8 -c -I../Core/Inc -I../Drivers/STM32F0xx_HAL_Driver/Inc -I../Drivers/STM32F0xx_HAL_Driver/Inc/Legacy -I../Drivers/CMSIS/Device/ST/STM32F0xx/Include -I../Drivers/CMSIS/Include -O0 -ffunction-sections -fdata-sections -Wall -fstack-usage -fcyclomatic-complexity -MMD -MP -MF"Core/Src/main.d" -MT"Core/Src/main.o" --specs=nano.specs -mfloat-abi=soft -mthumb -o "Core/Src/main.o"
../Core/Src/main.c: In function 'main':
../Core/Src/main.c:166:20: warning: unused variable 's1' [-Wunused-variable]
  166 |           uint32_t s1 = HAL_GPIO_ReadPin(S1_GPIO_Port, S1_Pin);
      |                    ^~
../Core/Src/main.c:165:20: warning: unused variable 's2' [-Wunused-variable]
  165 |           uint32_t s2 = HAL_GPIO_ReadPin(S2_GPIO_Port, S2_Pin);
      |                    ^~
arm-none-eabi-gcc -o "cvic4.elf" @"objects.list"   -mcpu=cortex-m0 -T"C:\Temp\xnesva08\MKS\cp04\cvic4\STM32F030R8TX_FLASH.ld" --specs=nosys.specs -Wl,-Map="cvic4.map" -Wl,--gc-sections -static --specs=nano.specs -mfloat-abi=soft -mthumb -Wl,--start-group -lc -lm -Wl,--end-group
Finished building target: cvic4.elf
 
arm-none-eabi-size   cvic4.elf 
arm-none-eabi-objdump -h -S  cvic4.elf  > "cvic4.list"
   text	   data	    bss	    dec	    hex	filename
  11496	     20	   1788	  13304	   33f8	cvic4.elf
Finished building: default.size.stdout
 
Finished building: cvic4.list
 
12:56:55 **** Incremental Build of configuration Debug for project cvic4 ****
make -j4 all 
arm-none-eabi-gcc "../Core/Src/main.c" -mcpu=cortex-m0 -std=gnu11 -g3 -DDEBUG -DUSE_HAL_DRIVER -DSTM32F030x8 -c -I../Core/Inc -I../Drivers/STM32F0xx_HAL_Driver/Inc -I../Drivers/STM32F0xx_HAL_Driver/Inc/Legacy -I../Drivers/CMSIS/Device/ST/STM32F0xx/Include -I../Drivers/CMSIS/Include -O0 -ffunction-sections -fdata-sections -Wall -fstack-usage -fcyclomatic-complexity -MMD -MP -MF"Core/Src/main.d" -MT"Core/Src/main.o" --specs=nano.specs -mfloat-abi=soft -mthumb -o "Core/Src/main.o"
../Core/Src/main.c: In function 'main':
../Core/Src/main.c:169:28: error: expected ';' before '}' token
  169 |           state = SHOW_TEMP
      |                            ^
      |                            ;
  170 |           }
      |           ~                 
../Core/Src/main.c:166:20: warning: unused variable 's1' [-Wunused-variable]
  166 |           uint32_t s1 = HAL_GPIO_ReadPin(S1_GPIO_Port, S1_Pin);
      |                    ^~
../Core/Src/main.c: At top level:
../Core/Src/main.c:179:3: error: expected identifier or '(' before '}' token
  179 |   }
      |   ^
make: *** [Core/Src/subdir.mk:37: Core/Src/main.o] Error 1
"make -j4 all" terminated with exit code 2. Build might be incomplete.
12:57:08 **** Incremental Build of configuration Debug for project cvic4 ****
make -j4 all 
arm-none-eabi-gcc "../Core/Src/main.c" -mcpu=cortex-m0 -std=gnu11 -g3 -DDEBUG -DUSE_HAL_DRIVER -DSTM32F030x8 -c -I../Core/Inc -I../Drivers/STM32F0xx_HAL_Driver/Inc -I../Drivers/STM32F0xx_HAL_Driver/Inc/Legacy -I../Drivers/CMSIS/Device/ST/STM32F0xx/Include -I../Drivers/CMSIS/Include -O0 -ffunction-sections -fdata-sections -Wall -fstack-usage -fcyclomatic-complexity -MMD -MP -MF"Core/Src/main.d" -MT"Core/Src/main.o" --specs=nano.specs -mfloat-abi=soft -mthumb -o "Core/Src/main.o"
../Core/Src/main.c: In function 'main':
../Core/Src/main.c:166:20: warning: unused variable 's1' [-Wunused-variable]
  166 |           uint32_t s1 = HAL_GPIO_ReadPin(S1_GPIO_Port, S1_Pin);
      |                    ^~
../Core/Src/main.c: At top level:
../Core/Src/main.c:179:3: error: expected identifier or '(' before '}' token
  179 |   }
      |   ^
make: *** [Core/Src/subdir.mk:37: Core/Src/main.o] Error 1
"make -j4 all" terminated with exit code 2. Build might be incomplete.
12:57:23 **** Incremental Build of configuration Debug for project cvic4 ****
make -j4 all 
arm-none-eabi-gcc "../Core/Src/main.c" -mcpu=cortex-m0 -std=gnu11 -g3 -DDEBUG -DUSE_HAL_DRIVER -DSTM32F030x8 -c -I../Core/Inc -I../Drivers/STM32F0xx_HAL_Driver/Inc -I../Drivers/STM32F0xx_HAL_Driver/Inc/Legacy -I../Drivers/CMSIS/Device/ST/STM32F0xx/Include -I../Drivers/CMSIS/Include -O0 -ffunction-sections -fdata-sections -Wall -fstack-usage -fcyclomatic-complexity -MMD -MP -MF"Core/Src/main.d" -MT"Core/Src/main.o" --specs=nano.specs -mfloat-abi=soft -mthumb -o "Core/Src/main.o"
../Core/Src/main.c: In function 'main':
../Core/Src/main.c:166:20: warning: unused variable 's1' [-Wunused-variable]
  166 |           uint32_t s1 = HAL_GPIO_ReadPin(S1_GPIO_Port, S1_Pin);
      |                    ^~
arm-none-eabi-gcc -o "cvic4.elf" @"objects.list"   -mcpu=cortex-m0 -T"C:\Temp\xnesva08\MKS\cp04\cvic4\STM32F030R8TX_FLASH.ld" --specs=nosys.specs -Wl,-Map="cvic4.map" -Wl,--gc-sections -static --specs=nano.specs -mfloat-abi=soft -mthumb -Wl,--start-group -lc -lm -Wl,--end-group
Finished building target: cvic4.elf
 
arm-none-eabi-size   cvic4.elf 
arm-none-eabi-objdump -h -S  cvic4.elf  > "cvic4.list"
   text	   data	    bss	    dec	    hex	filename
  11512	     20	   1788	  13320	   3408	cvic4.elf
Finished building: default.size.stdout
 
Finished building: cvic4.list
 
12:59:02 **** Incremental Build of configuration Debug for project cvic4 ****
make -j4 all 
arm-none-eabi-gcc "../Core/Src/main.c" -mcpu=cortex-m0 -std=gnu11 -g3 -DDEBUG -DUSE_HAL_DRIVER -DSTM32F030x8 -c -I../Core/Inc -I../Drivers/STM32F0xx_HAL_Driver/Inc -I../Drivers/STM32F0xx_HAL_Driver/Inc/Legacy -I../Drivers/CMSIS/Device/ST/STM32F0xx/Include -I../Drivers/CMSIS/Include -O0 -ffunction-sections -fdata-sections -Wall -fstack-usage -fcyclomatic-complexity -MMD -MP -MF"Core/Src/main.d" -MT"Core/Src/main.o" --specs=nano.specs -mfloat-abi=soft -mthumb -o "Core/Src/main.o"
../Core/Src/main.c: In function 'main':
../Core/Src/main.c:166:20: warning: unused variable 's1' [-Wunused-variable]
  166 |           uint32_t s1 = HAL_GPIO_ReadPin(S1_GPIO_Port, S1_Pin);
      |                    ^~
arm-none-eabi-gcc -o "cvic4.elf" @"objects.list"   -mcpu=cortex-m0 -T"C:\Temp\xnesva08\MKS\cp04\cvic4\STM32F030R8TX_FLASH.ld" --specs=nosys.specs -Wl,-Map="cvic4.map" -Wl,--gc-sections -static --specs=nano.specs -mfloat-abi=soft -mthumb -Wl,--start-group -lc -lm -Wl,--end-group
Finished building target: cvic4.elf
 
arm-none-eabi-size   cvic4.elf 
arm-none-eabi-objdump -h -S  cvic4.elf  > "cvic4.list"
   text	   data	    bss	    dec	    hex	filename
  11512	     20	   1788	  13320	   3408	cvic4.elf
Finished building: default.size.stdout
 
Finished building: cvic4.list
 
12:59:05 **** Incremental Build of configuration Debug for project cvic4 ****
make -j4 all 
arm-none-eabi-size   cvic4.elf 
   text	   data	    bss	    dec	    hex	filename
  11512	     20	   1788	  13320	   3408	cvic4.elf
Finished building: default.size.stdout
 
